#
# There is insufficient memory for the Java Runtime Environment to continue.
# Native memory allocation (malloc) failed to allocate 1044576 bytes for Chunk::new
# Possible reasons:
#   The system is out of physical RAM or swap space
#   The process is running with CompressedOops enabled, and the Java Heap may be blocking the growth of the native heap
# Possible solutions:
#   Reduce memory load on the system
#   Increase physical memory or swap space
#   Check if swap backing store is full
#   Decrease Java heap size (-Xmx/-Xms)
#   Decrease number of Java threads
#   Decrease Java thread stack sizes (-Xss)
#   Set larger code cache with -XX:ReservedCodeCacheSize=
#   JVM is running with Unscaled Compressed Oops mode in which the Java heap is
#     placed in the first 4GB address space. The Java Heap base address is the
#     maximum limit for the native heap growth. Please use -XX:HeapBaseMinAddress
#     to set the Java Heap base and to place the Java Heap above 4GB virtual address.
# This output file may be truncated or incomplete.
#
#  Out of Memory Error (arena.cpp:184), pid=12456, tid=4472
#
# JRE version: Java(TM) SE Runtime Environment (18.0.2.1+1) (build 18.0.2.1+1-1)
# Java VM: Java HotSpot(TM) 64-Bit Server VM (18.0.2.1+1-1, mixed mode, sharing, tiered, compressed oops, compressed class ptrs, g1 gc, windows-amd64)
# No core dump will be written. Minidumps are not enabled by default on client versions of Windows
#

---------------  S U M M A R Y ------------

Command Line: -XX:MaxMetaspaceSize=512m --add-opens=java.base/java.util=ALL-UNNAMED --add-opens=java.base/java.lang=ALL-UNNAMED --add-opens=java.base/java.lang.invoke=ALL-UNNAMED --add-opens=java.prefs/java.util.prefs=ALL-UNNAMED --add-opens=java.base/java.nio.charset=ALL-UNNAMED --add-opens=java.base/java.net=ALL-UNNAMED --add-opens=java.base/java.util.concurrent.atomic=ALL-UNNAMED -Xmx2048m -Dfile.encoding=utf8 -Duser.country=MY -Duser.language=en -Duser.variant -javaagent:C:\Users\117ta\.gradle\wrapper\dists\gradle-8.6-all\3mbtmo166bl6vumsh5k2lkq5h\gradle-8.6\lib\agents\gradle-instrumentation-agent-8.6.jar org.gradle.launcher.daemon.bootstrap.GradleDaemon 8.6

Host: AMD Athlon Gold 3150U with Radeon Graphics     , 4 cores, 3G,  Windows 11 , 64 bit Build 22621 (10.0.22621.3374)
Time: Sat Apr 27 09:16:22 2024 Malay Peninsula Standard Time elapsed time: 101.361774 seconds (0d 0h 1m 41s)

---------------  T H R E A D  ---------------

Current thread (0x000002dab3a1b700):  JavaThread "C2 CompilerThread0" daemon [_thread_in_native, id=4472, stack(0x000000e1d9800000,0x000000e1d9900000)]


Current CompileTask:
C2: 101362 7675   !   4       org.gradle.internal.service.DefaultServiceRegistry$ManagedObjectServiceProvider::getInstance (47 bytes)

Stack: [0x000000e1d9800000,0x000000e1d9900000]
Native frames: (J=compiled Java code, j=interpreted, Vv=VM code, C=native code)
V  [jvm.dll+0x6993aa]
V  [jvm.dll+0x7f46dd]
V  [jvm.dll+0x7f5fee]
V  [jvm.dll+0x7f66a3]
V  [jvm.dll+0x25cf1f]
V  [jvm.dll+0xb8c2f]
V  [jvm.dll+0xb8fa5]
V  [jvm.dll+0x3860cb]
V  [jvm.dll+0x1d2d58]
V  [jvm.dll+0x230259]
V  [jvm.dll+0x22f4d1]
V  [jvm.dll+0x1ba01c]
V  [jvm.dll+0x23ee0a]
V  [jvm.dll+0x23d0f5]
V  [jvm.dll+0x7a6dd1]
V  [jvm.dll+0x7a120a]
V  [jvm.dll+0x698255]
C  [ucrtbase.dll+0x29333]
C  [KERNEL32.DLL+0x1257d]
C  [ntdll.dll+0x5aa48]


---------------  P R O C E S S  ---------------

Threads class SMR info:
_java_thread_list=0x000002dabb606c40, length=46, elements={
0x000002da96079fe0, 0x000002dab3a02a90, 0x000002dab3a03600, 0x000002dab3a18100,
0x000002dab3a189b0, 0x000002dab3a19260, 0x000002dab3a19b10, 0x000002dab3a1b700,
0x000002dab3a20010, 0x000002dab3a91bd0, 0x000002da961291a0, 0x000002dab7dbe1d0,
0x000002dab7d04a70, 0x000002dab94a9830, 0x000002dab93bf030, 0x000002dab94d25c0,
0x000002dab3a91390, 0x000002dab96308b0, 0x000002dab962c040, 0x000002dab872d7c0,
0x000002dab872e160, 0x000002dab872dc90, 0x000002dab872ce20, 0x000002dab872e630,
0x000002dab872c950, 0x000002dab872b610, 0x000002dab872bae0, 0x000002dab872bfb0,
0x000002daba43f670, 0x000002daba43e330, 0x000002daba444d10, 0x000002daba442b60,
0x000002daba4409b0, 0x000002daba440e80, 0x000002daba440010, 0x000002daba443030,
0x000002daba43f1a0, 0x000002daba43ecd0, 0x000002daba444840, 0x000002daba43de60,
0x000002daba4439d0, 0x000002daba444370, 0x000002daba4404e0, 0x000002daba43d990,
0x000002daba441350, 0x000002daba442690
}

Java Threads: ( => current thread )
  0x000002da96079fe0 JavaThread "main" [_thread_blocked, id=15800, stack(0x000000e1d8b00000,0x000000e1d8c00000)]
  0x000002dab3a02a90 JavaThread "Reference Handler" daemon [_thread_blocked, id=6180, stack(0x000000e1d9200000,0x000000e1d9300000)]
  0x000002dab3a03600 JavaThread "Finalizer" daemon [_thread_blocked, id=6660, stack(0x000000e1d9300000,0x000000e1d9400000)]
  0x000002dab3a18100 JavaThread "Signal Dispatcher" daemon [_thread_blocked, id=5272, stack(0x000000e1d9400000,0x000000e1d9500000)]
  0x000002dab3a189b0 JavaThread "Attach Listener" daemon [_thread_blocked, id=16240, stack(0x000000e1d9500000,0x000000e1d9600000)]
  0x000002dab3a19260 JavaThread "Service Thread" daemon [_thread_blocked, id=16144, stack(0x000000e1d9600000,0x000000e1d9700000)]
  0x000002dab3a19b10 JavaThread "Monitor Deflation Thread" daemon [_thread_blocked, id=5116, stack(0x000000e1d9700000,0x000000e1d9800000)]
=>0x000002dab3a1b700 JavaThread "C2 CompilerThread0" daemon [_thread_in_native, id=4472, stack(0x000000e1d9800000,0x000000e1d9900000)]
  0x000002dab3a20010 JavaThread "C1 CompilerThread0" daemon [_thread_blocked, id=776, stack(0x000000e1d9900000,0x000000e1d9a00000)]
  0x000002dab3a91bd0 JavaThread "Sweeper thread" daemon [_thread_blocked, id=6940, stack(0x000000e1d9a00000,0x000000e1d9b00000)]
  0x000002da961291a0 JavaThread "Common-Cleaner" daemon [_thread_blocked, id=11200, stack(0x000000e1d9b00000,0x000000e1d9c00000)]
  0x000002dab7dbe1d0 JavaThread "Notification Thread" daemon [_thread_blocked, id=15188, stack(0x000000e1d9c00000,0x000000e1d9d00000)]
  0x000002dab7d04a70 JavaThread "Daemon health stats" [_thread_blocked, id=13548, stack(0x000000e1da100000,0x000000e1da200000)]
  0x000002dab94a9830 JavaThread "Incoming local TCP Connector on port 64530" [_thread_in_native, id=13376, stack(0x000000e1da200000,0x000000e1da300000)]
  0x000002dab93bf030 JavaThread "Daemon periodic checks" [_thread_blocked, id=7844, stack(0x000000e1da300000,0x000000e1da400000)]
  0x000002dab94d25c0 JavaThread "Daemon" [_thread_blocked, id=2624, stack(0x000000e1da400000,0x000000e1da500000)]
  0x000002dab3a91390 JavaThread "Handler for socket connection from /127.0.0.1:64530 to /127.0.0.1:64546" [_thread_in_native, id=12340, stack(0x000000e1da500000,0x000000e1da600000)]
  0x000002dab96308b0 JavaThread "Cancel handler" [_thread_blocked, id=2212, stack(0x000000e1da600000,0x000000e1da700000)]
  0x000002dab962c040 JavaThread "Daemon worker" [_thread_in_vm, id=8232, stack(0x000000e1da700000,0x000000e1da800000)]
  0x000002dab872d7c0 JavaThread "Asynchronous log dispatcher for DefaultDaemonConnection: socket connection from /127.0.0.1:64530 to /127.0.0.1:64546" [_thread_blocked, id=8216, stack(0x000000e1da800000,0x000000e1da900000)]
  0x000002dab872e160 JavaThread "Daemon client event forwarder" [_thread_blocked, id=5860, stack(0x000000e1daa00000,0x000000e1dab00000)]
  0x000002dab872dc90 JavaThread "Cache worker for journal cache (C:\Users\117ta\.gradle\caches\journal-1)" [_thread_blocked, id=6332, stack(0x000000e1dab00000,0x000000e1dac00000)]
  0x000002dab872ce20 JavaThread "File lock request listener" [_thread_in_native, id=5980, stack(0x000000e1dac00000,0x000000e1dad00000)]
  0x000002dab872e630 JavaThread "Cache worker for file hash cache (C:\Users\117ta\.gradle\caches\8.6\fileHashes)" [_thread_blocked, id=14556, stack(0x000000e1dad00000,0x000000e1dae00000)]
  0x000002dab872c950 JavaThread "File watcher server" daemon [_thread_in_native, id=13752, stack(0x000000e1dae00000,0x000000e1daf00000)]
  0x000002dab872b610 JavaThread "File watcher consumer" daemon [_thread_blocked, id=15500, stack(0x000000e1daf00000,0x000000e1db000000)]
  0x000002dab872bae0 JavaThread "Cache worker for checksums cache (C:\Users\117ta\TaskTitan\android\.gradle\8.6\checksums)" [_thread_blocked, id=120, stack(0x000000e1db000000,0x000000e1db100000)]
  0x000002dab872bfb0 JavaThread "Cache worker for file hash cache (C:\Users\117ta\TaskTitan\android\.gradle\8.6\fileHashes)" [_thread_blocked, id=1132, stack(0x000000e1db100000,0x000000e1db200000)]
  0x000002daba43f670 JavaThread "Cache worker for cache directory md-supplier (C:\Users\117ta\.gradle\caches\8.6\md-supplier)" [_thread_blocked, id=12056, stack(0x000000e1db200000,0x000000e1db300000)]
  0x000002daba43e330 JavaThread "Cache worker for cache directory md-rule (C:\Users\117ta\.gradle\caches\8.6\md-rule)" [_thread_blocked, id=15100, stack(0x000000e1db300000,0x000000e1db400000)]
  0x000002daba444d10 JavaThread "Cache worker for file content cache (C:\Users\117ta\.gradle\caches\8.6\fileContent)" [_thread_blocked, id=4512, stack(0x000000e1db400000,0x000000e1db500000)]
  0x000002daba442b60 JavaThread "jar transforms" [_thread_blocked, id=12084, stack(0x000000e1db500000,0x000000e1db600000)]
  0x000002daba4409b0 JavaThread "jar transforms Thread 2" [_thread_blocked, id=12964, stack(0x000000e1db600000,0x000000e1db700000)]
  0x000002daba440e80 JavaThread "jar transforms Thread 3" [_thread_blocked, id=11688, stack(0x000000e1db700000,0x000000e1db800000)]
  0x000002daba440010 JavaThread "jar transforms Thread 4" [_thread_blocked, id=6160, stack(0x000000e1db800000,0x000000e1db900000)]
  0x000002daba443030 JavaThread "Exec process" [_thread_blocked, id=15196, stack(0x000000e1db900000,0x000000e1dba00000)]
  0x000002daba43f1a0 JavaThread "Exec process Thread 2" [_thread_blocked, id=15016, stack(0x000000e1dba00000,0x000000e1dbb00000)]
  0x000002daba43ecd0 JavaThread "Exec process Thread 3" [_thread_blocked, id=11212, stack(0x000000e1dbb00000,0x000000e1dbc00000)]
  0x000002daba444840 JavaThread "Unconstrained build operations" [_thread_blocked, id=4340, stack(0x000000e1d8900000,0x000000e1d8a00000)]
  0x000002daba43de60 JavaThread "Unconstrained build operations Thread 2" [_thread_blocked, id=12272, stack(0x000000e1d8a00000,0x000000e1d8b00000)]
  0x000002daba4439d0 JavaThread "Cache worker for Build Output Cleanup Cache (C:\Users\117ta\TaskTitan\node_modules\@react-native\gradle-plugin\.gradle\buildOutputCleanup)" [_thread_blocked, id=11564, stack(0x000000e1da900000,0x000000e1daa00000)]
  0x000002daba444370 JavaThread "Unconstrained build operations Thread 3" [_thread_blocked, id=12944, stack(0x000000e1dbe00000,0x000000e1dbf00000)]
  0x000002daba4404e0 JavaThread "Unconstrained build operations Thread 4" [_thread_blocked, id=1624, stack(0x000000e1dbf00000,0x000000e1dc000000)]
  0x000002daba43d990 JavaThread "Unconstrained build operations Thread 5" [_thread_blocked, id=14460, stack(0x000000e1dc000000,0x000000e1dc100000)]
  0x000002daba441350 JavaThread "build event listener" [_thread_blocked, id=16356, stack(0x000000e1dc100000,0x000000e1dc200000)]
  0x000002daba442690 JavaThread "Memory manager" [_thread_blocked, id=11016, stack(0x000000e1dc200000,0x000000e1dc300000)]

Other Threads:
  0x000002dab39fea10 VMThread "VM Thread" [stack: 0x000000e1d9100000,0x000000e1d9200000] [id=14652]
  0x000002dab7dc0eb0 WatcherThread "VM Periodic Task Thread" [stack: 0x000000e1d9d00000,0x000000e1d9e00000] [id=3148]
  0x000002da960da7a0 WorkerThread "GC Thread#0" [stack: 0x000000e1d8c00000,0x000000e1d8d00000] [id=13492]
  0x000002dab8113090 WorkerThread "GC Thread#1" [stack: 0x000000e1d9e00000,0x000000e1d9f00000] [id=4628]
  0x000002dab7e9aa10 WorkerThread "GC Thread#2" [stack: 0x000000e1d9f00000,0x000000e1da000000] [id=4296]
  0x000002dab85b4a50 WorkerThread "GC Thread#3" [stack: 0x000000e1da000000,0x000000e1da100000] [id=14980]
  0x000002da960eb5e0 ConcurrentGCThread "G1 Main Marker" [stack: 0x000000e1d8d00000,0x000000e1d8e00000] [id=14412]
  0x000002da960ebee0 WorkerThread "G1 Conc#0" [stack: 0x000000e1d8e00000,0x000000e1d8f00000] [id=13212]
  0x000002da96113080 ConcurrentGCThread "G1 Refine#0" [stack: 0x000000e1d8f00000,0x000000e1d9000000] [id=12772]
  0x000002da961138a0 ConcurrentGCThread "G1 Service" [stack: 0x000000e1d9000000,0x000000e1d9100000] [id=15176]

Threads with active compile tasks:
C2 CompilerThread0   101432 7675   !   4       org.gradle.internal.service.DefaultServiceRegistry$ManagedObjectServiceProvider::getInstance (47 bytes)

VM state: not at safepoint (normal execution)

VM Mutex/Monitor currently owned by a thread: None

Heap address: 0x0000000080000000, size: 2048 MB, Compressed Oops mode: 32-bit

CDS archive(s) mapped at: [0x0000000800000000-0x0000000800ba0000-0x0000000800ba0000), size 12189696, SharedBaseAddress: 0x0000000800000000, ArchiveRelocationMode: 0.
Compressed class space mapped at: 0x0000000800c00000-0x000000081a800000, reserved size: 432013312
Narrow klass base: 0x0000000800000000, Narrow klass shift: 0, Narrow klass range: 0x100000000

GC Precious Log:
 CardTable entry size: 512
 Card Set container configuration: InlinePtr #cards 5 size 8 Array Of Cards #cards 12 size 40 Howl #buckets 4 coarsen threshold 1843 Howl Bitmap #cards 512 size 80 coarsen threshold 460 Card regions per heap region 1 cards per card region 2048
 CPUs: 4 total, 4 available
 Memory: 3460M
 Large Page Support: Disabled
 NUMA Support: Disabled
 Compressed Oops: Enabled (32-bit)
 Heap Region Size: 1M
 Heap Min Capacity: 8M
 Heap Initial Capacity: 56M
 Heap Max Capacity: 2G
 Pre-touch: Disabled
 Parallel Workers: 4
 Concurrent Workers: 1
 Concurrent Refinement Workers: 4
 Periodic GC: Disabled

Heap:
 garbage-first heap   total 122880K, used 81198K [0x0000000080000000, 0x0000000100000000)
  region size 1024K, 18 young (18432K), 3 survivors (3072K)
 Metaspace       used 65659K, committed 67712K, reserved 487424K
  class space    used 9301K, committed 10368K, reserved 421888K

Heap Regions: E=young(eden), S=young(survivor), O=old, HS=humongous(starts), HC=humongous(continues), CS=collection set, F=free, OA=open archive, CA=closed archive, TAMS=top-at-mark-start (previous, next)
|   0|0x0000000080000000, 0x0000000080100000, 0x0000000080100000|100%| O|  |TAMS 0x0000000080100000, 0x0000000080000000| Untracked 
|   1|0x0000000080100000, 0x0000000080200000, 0x0000000080200000|100%| O|  |TAMS 0x0000000080200000, 0x0000000080100000| Untracked 
|   2|0x0000000080200000, 0x0000000080300000, 0x0000000080300000|100%|HS|  |TAMS 0x0000000080300000, 0x0000000080200000| Complete 
|   3|0x0000000080300000, 0x0000000080400000, 0x0000000080400000|100%|HC|  |TAMS 0x0000000080400000, 0x0000000080300000| Complete 
|   4|0x0000000080400000, 0x0000000080500000, 0x0000000080500000|100%|HC|  |TAMS 0x0000000080500000, 0x0000000080400000| Complete 
|   5|0x0000000080500000, 0x0000000080600000, 0x0000000080600000|100%|HC|  |TAMS 0x0000000080600000, 0x0000000080500000| Complete 
|   6|0x0000000080600000, 0x0000000080700000, 0x0000000080700000|100%| O|  |TAMS 0x0000000080700000, 0x0000000080600000| Untracked 
|   7|0x0000000080700000, 0x0000000080800000, 0x0000000080800000|100%| O|  |TAMS 0x0000000080800000, 0x0000000080700000| Untracked 
|   8|0x0000000080800000, 0x0000000080900000, 0x0000000080900000|100%| O|  |TAMS 0x0000000080900000, 0x0000000080800000| Untracked 
|   9|0x0000000080900000, 0x0000000080a00000, 0x0000000080a00000|100%| O|  |TAMS 0x0000000080a00000, 0x0000000080900000| Untracked 
|  10|0x0000000080a00000, 0x0000000080b00000, 0x0000000080b00000|100%| O|  |TAMS 0x0000000080b00000, 0x0000000080a00000| Untracked 
|  11|0x0000000080b00000, 0x0000000080c00000, 0x0000000080c00000|100%| O|  |TAMS 0x0000000080c00000, 0x0000000080b00000| Untracked 
|  12|0x0000000080c00000, 0x0000000080d00000, 0x0000000080d00000|100%| O|  |TAMS 0x0000000080d00000, 0x0000000080c00000| Untracked 
|  13|0x0000000080d00000, 0x0000000080e00000, 0x0000000080e00000|100%| O|  |TAMS 0x0000000080e00000, 0x0000000080d00000| Untracked 
|  14|0x0000000080e00000, 0x0000000080f00000, 0x0000000080f00000|100%| O|  |TAMS 0x0000000080f00000, 0x0000000080e00000| Untracked 
|  15|0x0000000080f00000, 0x0000000081000000, 0x0000000081000000|100%| O|  |TAMS 0x0000000081000000, 0x0000000080f00000| Untracked 
|  16|0x0000000081000000, 0x0000000081100000, 0x0000000081100000|100%| O|  |TAMS 0x0000000081100000, 0x0000000081000000| Untracked 
|  17|0x0000000081100000, 0x0000000081200000, 0x0000000081200000|100%| O|  |TAMS 0x0000000081200000, 0x0000000081100000| Untracked 
|  18|0x0000000081200000, 0x0000000081300000, 0x0000000081300000|100%| O|  |TAMS 0x0000000081300000, 0x0000000081200000| Untracked 
|  19|0x0000000081300000, 0x0000000081400000, 0x0000000081400000|100%| O|  |TAMS 0x0000000081400000, 0x0000000081300000| Untracked 
|  20|0x0000000081400000, 0x0000000081500000, 0x0000000081500000|100%| O|  |TAMS 0x0000000081500000, 0x0000000081400000| Untracked 
|  21|0x0000000081500000, 0x0000000081600000, 0x0000000081600000|100%| O|  |TAMS 0x0000000081600000, 0x0000000081500000| Untracked 
|  22|0x0000000081600000, 0x0000000081700000, 0x0000000081700000|100%| O|  |TAMS 0x0000000081700000, 0x0000000081600000| Untracked 
|  23|0x0000000081700000, 0x0000000081800000, 0x0000000081800000|100%| O|  |TAMS 0x0000000081800000, 0x0000000081700000| Untracked 
|  24|0x0000000081800000, 0x0000000081900000, 0x0000000081900000|100%| O|  |TAMS 0x0000000081900000, 0x0000000081800000| Untracked 
|  25|0x0000000081900000, 0x0000000081a00000, 0x0000000081a00000|100%| O|  |TAMS 0x0000000081a00000, 0x0000000081900000| Untracked 
|  26|0x0000000081a00000, 0x0000000081b00000, 0x0000000081b00000|100%| O|  |TAMS 0x0000000081b00000, 0x0000000081a00000| Untracked 
|  27|0x0000000081b00000, 0x0000000081c00000, 0x0000000081c00000|100%| O|  |TAMS 0x0000000081c00000, 0x0000000081b00000| Untracked 
|  28|0x0000000081c00000, 0x0000000081d00000, 0x0000000081d00000|100%| O|  |TAMS 0x0000000081d00000, 0x0000000081c00000| Untracked 
|  29|0x0000000081d00000, 0x0000000081e00000, 0x0000000081e00000|100%| O|  |TAMS 0x0000000081e00000, 0x0000000081d00000| Untracked 
|  30|0x0000000081e00000, 0x0000000081f00000, 0x0000000081f00000|100%| O|  |TAMS 0x0000000081f00000, 0x0000000081e00000| Untracked 
|  31|0x0000000081f00000, 0x0000000082000000, 0x0000000082000000|100%| O|  |TAMS 0x0000000082000000, 0x0000000081f00000| Untracked 
|  32|0x0000000082000000, 0x0000000082100000, 0x0000000082100000|100%| O|  |TAMS 0x0000000082100000, 0x0000000082000000| Untracked 
|  33|0x0000000082100000, 0x0000000082200000, 0x0000000082200000|100%| O|  |TAMS 0x0000000082200000, 0x0000000082100000| Untracked 
|  34|0x0000000082200000, 0x0000000082300000, 0x0000000082300000|100%| O|  |TAMS 0x0000000082300000, 0x0000000082200000| Untracked 
|  35|0x0000000082300000, 0x0000000082400000, 0x0000000082400000|100%| O|  |TAMS 0x0000000082400000, 0x0000000082300000| Untracked 
|  36|0x0000000082400000, 0x0000000082500000, 0x0000000082500000|100%| O|  |TAMS 0x0000000082500000, 0x0000000082400000| Untracked 
|  37|0x0000000082500000, 0x0000000082600000, 0x0000000082600000|100%| O|  |TAMS 0x0000000082600000, 0x0000000082500000| Untracked 
|  38|0x0000000082600000, 0x0000000082700000, 0x0000000082700000|100%| O|  |TAMS 0x0000000082700000, 0x0000000082600000| Untracked 
|  39|0x0000000082700000, 0x0000000082800000, 0x0000000082800000|100%| O|  |TAMS 0x0000000082800000, 0x0000000082700000| Untracked 
|  40|0x0000000082800000, 0x0000000082900000, 0x0000000082900000|100%| O|  |TAMS 0x0000000082900000, 0x0000000082800000| Untracked 
|  41|0x0000000082900000, 0x0000000082a00000, 0x0000000082a00000|100%| O|  |TAMS 0x0000000082a00000, 0x0000000082900000| Untracked 
|  42|0x0000000082a00000, 0x0000000082b00000, 0x0000000082b00000|100%| O|  |TAMS 0x0000000082b00000, 0x0000000082a00000| Untracked 
|  43|0x0000000082b00000, 0x0000000082c00000, 0x0000000082c00000|100%| O|  |TAMS 0x0000000082c00000, 0x0000000082b00000| Untracked 
|  44|0x0000000082c00000, 0x0000000082d00000, 0x0000000082d00000|100%|HS|  |TAMS 0x0000000082d00000, 0x0000000082c00000| Complete 
|  45|0x0000000082d00000, 0x0000000082e00000, 0x0000000082e00000|100%|HC|  |TAMS 0x0000000082e00000, 0x0000000082d00000| Complete 
|  46|0x0000000082e00000, 0x0000000082f00000, 0x0000000082f00000|100%|HS|  |TAMS 0x0000000082f00000, 0x0000000082e00000| Complete 
|  47|0x0000000082f00000, 0x0000000083000000, 0x0000000083000000|100%|HC|  |TAMS 0x0000000083000000, 0x0000000082f00000| Complete 
|  48|0x0000000083000000, 0x0000000083100000, 0x0000000083100000|100%| O|  |TAMS 0x0000000083100000, 0x0000000083000000| Untracked 
|  49|0x0000000083100000, 0x0000000083200000, 0x0000000083200000|100%|HS|  |TAMS 0x0000000083200000, 0x0000000083100000| Complete 
|  50|0x0000000083200000, 0x0000000083300000, 0x0000000083300000|100%|HC|  |TAMS 0x0000000083300000, 0x0000000083200000| Complete 
|  51|0x0000000083300000, 0x0000000083400000, 0x0000000083400000|100%|HC|  |TAMS 0x0000000083400000, 0x0000000083300000| Complete 
|  52|0x0000000083400000, 0x0000000083500000, 0x0000000083500000|100%|HC|  |TAMS 0x0000000083500000, 0x0000000083400000| Complete 
|  53|0x0000000083500000, 0x0000000083600000, 0x0000000083600000|100%| O|  |TAMS 0x00000000835fe200, 0x0000000083500000| Untracked 
|  54|0x0000000083600000, 0x0000000083700000, 0x0000000083700000|100%|HS|  |TAMS 0x0000000083700000, 0x0000000083600000| Complete 
|  55|0x0000000083700000, 0x0000000083800000, 0x0000000083800000|100%|HC|  |TAMS 0x0000000083800000, 0x0000000083700000| Complete 
|  56|0x0000000083800000, 0x0000000083900000, 0x0000000083900000|100%|HC|  |TAMS 0x0000000083900000, 0x0000000083800000| Complete 
|  57|0x0000000083900000, 0x0000000083a00000, 0x0000000083a00000|100%|HC|  |TAMS 0x0000000083a00000, 0x0000000083900000| Complete 
|  58|0x0000000083a00000, 0x0000000083b00000, 0x0000000083b00000|100%| O|  |TAMS 0x0000000083a00000, 0x0000000083a00000| Untracked 
|  59|0x0000000083b00000, 0x0000000083c00000, 0x0000000083c00000|100%| O|  |TAMS 0x0000000083b00000, 0x0000000083b00000| Untracked 
|  60|0x0000000083c00000, 0x0000000083d00000, 0x0000000083d00000|100%| O|  |TAMS 0x0000000083c00000, 0x0000000083c00000| Untracked 
|  61|0x0000000083d00000, 0x0000000083e00000, 0x0000000083e00000|100%| O|  |TAMS 0x0000000083d00000, 0x0000000083d00000| Untracked 
|  62|0x0000000083e00000, 0x0000000083e64e00, 0x0000000083f00000| 39%| O|  |TAMS 0x0000000083e00000, 0x0000000083e00000| Untracked 
|  63|0x0000000083f00000, 0x0000000083f00000, 0x0000000084000000|  0%| F|  |TAMS 0x0000000083f00000, 0x0000000083f00000| Untracked 
|  64|0x0000000084000000, 0x0000000084000000, 0x0000000084100000|  0%| F|  |TAMS 0x0000000084000000, 0x0000000084000000| Untracked 
|  65|0x0000000084100000, 0x0000000084100000, 0x0000000084200000|  0%| F|  |TAMS 0x0000000084100000, 0x0000000084100000| Untracked 
|  66|0x0000000084200000, 0x0000000084200000, 0x0000000084300000|  0%| F|  |TAMS 0x0000000084200000, 0x0000000084200000| Untracked 
|  67|0x0000000084300000, 0x0000000084300000, 0x0000000084400000|  0%| F|  |TAMS 0x0000000084300000, 0x0000000084300000| Untracked 
|  68|0x0000000084400000, 0x0000000084400000, 0x0000000084500000|  0%| F|  |TAMS 0x0000000084400000, 0x0000000084400000| Untracked 
|  69|0x0000000084500000, 0x0000000084500000, 0x0000000084600000|  0%| F|  |TAMS 0x0000000084500000, 0x0000000084500000| Untracked 
|  70|0x0000000084600000, 0x0000000084600000, 0x0000000084700000|  0%| F|  |TAMS 0x0000000084600000, 0x0000000084600000| Untracked 
|  71|0x0000000084700000, 0x0000000084700000, 0x0000000084800000|  0%| F|  |TAMS 0x0000000084700000, 0x0000000084700000| Untracked 
|  72|0x0000000084800000, 0x0000000084800000, 0x0000000084900000|  0%| F|  |TAMS 0x0000000084800000, 0x0000000084800000| Untracked 
|  73|0x0000000084900000, 0x0000000084900000, 0x0000000084a00000|  0%| F|  |TAMS 0x0000000084900000, 0x0000000084900000| Untracked 
|  74|0x0000000084a00000, 0x0000000084a00000, 0x0000000084b00000|  0%| F|  |TAMS 0x0000000084a00000, 0x0000000084a00000| Untracked 
|  75|0x0000000084b00000, 0x0000000084b00000, 0x0000000084c00000|  0%| F|  |TAMS 0x0000000084b00000, 0x0000000084b00000| Untracked 
|  76|0x0000000084c00000, 0x0000000084c00000, 0x0000000084d00000|  0%| F|  |TAMS 0x0000000084c00000, 0x0000000084c00000| Untracked 
|  77|0x0000000084d00000, 0x0000000084d00000, 0x0000000084e00000|  0%| F|  |TAMS 0x0000000084d00000, 0x0000000084d00000| Untracked 
|  78|0x0000000084e00000, 0x0000000084e00000, 0x0000000084f00000|  0%| F|  |TAMS 0x0000000084e00000, 0x0000000084e00000| Untracked 
|  79|0x0000000084f00000, 0x0000000084f00000, 0x0000000085000000|  0%| F|  |TAMS 0x0000000084f00000, 0x0000000084f00000| Untracked 
|  80|0x0000000085000000, 0x0000000085000000, 0x0000000085100000|  0%| F|  |TAMS 0x0000000085000000, 0x0000000085000000| Untracked 
|  81|0x0000000085100000, 0x0000000085100000, 0x0000000085200000|  0%| F|  |TAMS 0x0000000085100000, 0x0000000085100000| Untracked 
|  82|0x0000000085200000, 0x00000000852e6d98, 0x0000000085300000| 90%| S|CS|TAMS 0x0000000085200000, 0x0000000085200000| Complete 
|  83|0x0000000085300000, 0x0000000085400000, 0x0000000085400000|100%| S|CS|TAMS 0x0000000085300000, 0x0000000085300000| Complete 
|  84|0x0000000085400000, 0x0000000085500000, 0x0000000085500000|100%| S|CS|TAMS 0x0000000085400000, 0x0000000085400000| Complete 
|  85|0x0000000085500000, 0x0000000085500000, 0x0000000085600000|  0%| F|  |TAMS 0x0000000085500000, 0x0000000085500000| Untracked 
|  86|0x0000000085600000, 0x0000000085600000, 0x0000000085700000|  0%| F|  |TAMS 0x0000000085600000, 0x0000000085600000| Untracked 
|  87|0x0000000085700000, 0x0000000085700000, 0x0000000085800000|  0%| F|  |TAMS 0x0000000085700000, 0x0000000085700000| Untracked 
|  88|0x0000000085800000, 0x0000000085800000, 0x0000000085900000|  0%| F|  |TAMS 0x0000000085800000, 0x0000000085800000| Untracked 
|  89|0x0000000085900000, 0x0000000085900000, 0x0000000085a00000|  0%| F|  |TAMS 0x0000000085900000, 0x0000000085900000| Untracked 
|  90|0x0000000085a00000, 0x0000000085a00000, 0x0000000085b00000|  0%| F|  |TAMS 0x0000000085a00000, 0x0000000085a00000| Untracked 
|  91|0x0000000085b00000, 0x0000000085b00000, 0x0000000085c00000|  0%| F|  |TAMS 0x0000000085b00000, 0x0000000085b00000| Untracked 
|  92|0x0000000085c00000, 0x0000000085c00000, 0x0000000085d00000|  0%| F|  |TAMS 0x0000000085c00000, 0x0000000085c00000| Untracked 
|  93|0x0000000085d00000, 0x0000000085d00000, 0x0000000085e00000|  0%| F|  |TAMS 0x0000000085d00000, 0x0000000085d00000| Untracked 
|  94|0x0000000085e00000, 0x0000000085e00000, 0x0000000085f00000|  0%| F|  |TAMS 0x0000000085e00000, 0x0000000085e00000| Untracked 
|  95|0x0000000085f00000, 0x0000000085f00000, 0x0000000086000000|  0%| F|  |TAMS 0x0000000085f00000, 0x0000000085f00000| Untracked 
|  96|0x0000000086000000, 0x0000000086000000, 0x0000000086100000|  0%| F|  |TAMS 0x0000000086000000, 0x0000000086000000| Untracked 
|  97|0x0000000086100000, 0x0000000086100000, 0x0000000086200000|  0%| F|  |TAMS 0x0000000086100000, 0x0000000086100000| Untracked 
|  98|0x0000000086200000, 0x0000000086200000, 0x0000000086300000|  0%| F|  |TAMS 0x0000000086200000, 0x0000000086200000| Untracked 
|  99|0x0000000086300000, 0x0000000086300000, 0x0000000086400000|  0%| F|  |TAMS 0x0000000086300000, 0x0000000086300000| Untracked 
| 100|0x0000000086400000, 0x0000000086400000, 0x0000000086500000|  0%| F|  |TAMS 0x0000000086400000, 0x0000000086400000| Untracked 
| 101|0x0000000086500000, 0x0000000086500000, 0x0000000086600000|  0%| F|  |TAMS 0x0000000086500000, 0x0000000086500000| Untracked 
| 102|0x0000000086600000, 0x0000000086600000, 0x0000000086700000|  0%| F|  |TAMS 0x0000000086600000, 0x0000000086600000| Untracked 
| 103|0x0000000086700000, 0x0000000086700000, 0x0000000086800000|  0%| F|  |TAMS 0x0000000086700000, 0x0000000086700000| Untracked 
| 104|0x0000000086800000, 0x0000000086800000, 0x0000000086900000|  0%| F|  |TAMS 0x0000000086800000, 0x0000000086800000| Untracked 
| 105|0x0000000086900000, 0x00000000869ec040, 0x0000000086a00000| 92%| E|  |TAMS 0x0000000086900000, 0x0000000086900000| Complete 
| 106|0x0000000086a00000, 0x0000000086b00000, 0x0000000086b00000|100%| E|CS|TAMS 0x0000000086a00000, 0x0000000086a00000| Complete 
| 107|0x0000000086b00000, 0x0000000086c00000, 0x0000000086c00000|100%| E|CS|TAMS 0x0000000086b00000, 0x0000000086b00000| Complete 
| 108|0x0000000086c00000, 0x0000000086d00000, 0x0000000086d00000|100%| E|CS|TAMS 0x0000000086c00000, 0x0000000086c00000| Complete 
| 109|0x0000000086d00000, 0x0000000086e00000, 0x0000000086e00000|100%| E|CS|TAMS 0x0000000086d00000, 0x0000000086d00000| Complete 
| 110|0x0000000086e00000, 0x0000000086f00000, 0x0000000086f00000|100%| E|CS|TAMS 0x0000000086e00000, 0x0000000086e00000| Complete 
| 111|0x0000000086f00000, 0x0000000087000000, 0x0000000087000000|100%| E|CS|TAMS 0x0000000086f00000, 0x0000000086f00000| Complete 
| 112|0x0000000087000000, 0x0000000087100000, 0x0000000087100000|100%| E|CS|TAMS 0x0000000087000000, 0x0000000087000000| Complete 
| 113|0x0000000087100000, 0x0000000087200000, 0x0000000087200000|100%| E|CS|TAMS 0x0000000087100000, 0x0000000087100000| Complete 
| 114|0x0000000087200000, 0x0000000087300000, 0x0000000087300000|100%| E|CS|TAMS 0x0000000087200000, 0x0000000087200000| Complete 
| 115|0x0000000087300000, 0x0000000087400000, 0x0000000087400000|100%| E|CS|TAMS 0x0000000087300000, 0x0000000087300000| Complete 
| 116|0x0000000087400000, 0x0000000087500000, 0x0000000087500000|100%| E|CS|TAMS 0x0000000087400000, 0x0000000087400000| Complete 
| 117|0x0000000087500000, 0x0000000087600000, 0x0000000087600000|100%| E|CS|TAMS 0x0000000087500000, 0x0000000087500000| Complete 
| 118|0x0000000087600000, 0x0000000087700000, 0x0000000087700000|100%| E|CS|TAMS 0x0000000087600000, 0x0000000087600000| Complete 
| 119|0x0000000087700000, 0x0000000087800000, 0x0000000087800000|100%| E|CS|TAMS 0x0000000087700000, 0x0000000087700000| Complete 

Card table byte_map: [0x000002daacda0000,0x000002daad1a0000] _byte_map_base: 0x000002daac9a0000

Marking Bits (Prev, Next): (CMBitMap*) 0x000002da960dacb0, (CMBitMap*) 0x000002da960dacf0
 Prev Bits: [0x000002daad5a0000, 0x000002daaf5a0000)
 Next Bits: [0x000002daaf5a0000, 0x000002dab15a0000)

Polling page: 0x000002da93f50000

Metaspace:

Usage:
  Non-class:     55.04 MB used.
      Class:      9.08 MB used.
       Both:     64.12 MB used.

Virtual space:
  Non-class space:       64.00 MB reserved,      56.00 MB ( 88%) committed,  1 nodes.
      Class space:      412.00 MB reserved,      10.12 MB (  2%) committed,  1 nodes.
             Both:      476.00 MB reserved,      66.12 MB ( 14%) committed. 

Chunk freelists:
   Non-Class:  3.53 MB
       Class:  1.81 MB
        Both:  5.34 MB

MaxMetaspaceSize: 512.00 MB
CompressedClassSpaceSize: 412.00 MB
Initial GC threshold: 21.00 MB
Current GC threshold: 106.06 MB
CDS: on
MetaspaceReclaimPolicy: balanced
 - commit_granule_bytes: 65536.
 - commit_granule_words: 8192.
 - virtual_space_node_default_size: 8388608.
 - enlarge_chunks_in_place: 1.
 - new_chunks_are_fully_committed: 0.
 - uncommit_free_chunks: 1.
 - use_allocation_guard: 0.


Internal statistics:

num_allocs_failed_limit: 3.
num_arena_births: 3538.
num_arena_deaths: 0.
num_vsnodes_births: 2.
num_vsnodes_deaths: 0.
num_space_committed: 1058.
num_space_uncommitted: 0.
num_chunks_returned_to_freelist: 3.
num_chunks_taken_from_freelist: 6762.
num_chunk_merges: 3.
num_chunk_splits: 4331.
num_chunks_enlarged: 2584.
num_inconsistent_stats: 0.

CodeHeap 'non-profiled nmethods': size=120000Kb used=3527Kb max_used=3527Kb free=116472Kb
 bounds [0x000002daa5470000, 0x000002daa57f0000, 0x000002daac9a0000]
CodeHeap 'profiled nmethods': size=120000Kb used=13711Kb max_used=13711Kb free=106288Kb
 bounds [0x000002da9df40000, 0x000002da9ecb0000, 0x000002daa5470000]
CodeHeap 'non-nmethods': size=5760Kb used=2371Kb max_used=2416Kb free=3389Kb
 bounds [0x000002da9d9a0000, 0x000002da9dc10000, 0x000002da9df40000]
 total_blobs=7709 nmethods=6820 adapters=801
 compilation: enabled
              stopped_count=0, restarted_count=0
 full_count=0

Compilation events (20 events):
Event: 101.227 Thread 0x000002dab3a20010 7692       3       org.gradle.api.internal.provider.ValueSupplier$Present::<init> (6 bytes)
Event: 101.228 Thread 0x000002dab3a20010 nmethod 7692 0x000002da9eca0a10 code [0x000002da9eca0bc0, 0x000002da9eca0e18]
Event: 101.232 Thread 0x000002dab3a20010 7693       1       org.gradle.api.internal.artifacts.configurations.DefaultConfiguration::getAttributes (5 bytes)
Event: 101.232 Thread 0x000002dab3a20010 nmethod 7693 0x000002daa57e1090 code [0x000002daa57e1220, 0x000002daa57e12f8]
Event: 101.234 Thread 0x000002dab3a20010 7695       3       com.google.common.base.Preconditions::checkNotNull (35 bytes)
Event: 101.234 Thread 0x000002dab3a20010 nmethod 7695 0x000002da9eca0f10 code [0x000002da9eca1100, 0x000002da9eca1878]
Event: 101.244 Thread 0x000002dab3a20010 7696       3       org.gradle.internal.instantiation.generator.Jsr330ConstructorSelector::forParams (6 bytes)
Event: 101.244 Thread 0x000002dab3a20010 nmethod 7696 0x000002da9eca1a90 code [0x000002da9eca1c40, 0x000002da9eca1d88]
Event: 101.244 Thread 0x000002dab3a20010 7697       3       org.gradle.internal.instantiation.generator.Jsr330ConstructorSelector::vetoParameters (71 bytes)
Event: 101.245 Thread 0x000002dab3a20010 nmethod 7697 0x000002da9eca1e90 code [0x000002da9eca20a0, 0x000002da9eca2688]
Event: 101.284 Thread 0x000002dab3a20010 7699       3       java.lang.Long::compare (22 bytes)
Event: 101.285 Thread 0x000002dab3a20010 nmethod 7699 0x000002da9eca2890 code [0x000002da9eca2a40, 0x000002da9eca2c38]
Event: 101.285 Thread 0x000002dab3a20010 7700       1       org.gradle.tooling.internal.provider.runner.ProjectConfigurationTracker$PluginApplicationResult::getFirstApplicationId (5 bytes)
Event: 101.285 Thread 0x000002dab3a20010 nmethod 7700 0x000002daa57e1690 code [0x000002daa57e1820, 0x000002daa57e18f8]
Event: 101.301 Thread 0x000002dab3a20010 7702       3       java.io.ObjectStreamField::appendClassSignature (69 bytes)
Event: 101.302 Thread 0x000002dab3a20010 nmethod 7702 0x000002da9eca2d10 code [0x000002da9eca2f80, 0x000002da9eca3738]
Event: 101.308 Thread 0x000002dab3a20010 7703       1       java.io.ObjectStreamField::setOffset (6 bytes)
Event: 101.308 Thread 0x000002dab3a20010 nmethod 7703 0x000002daa57e1990 code [0x000002daa57e1b20, 0x000002daa57e1bf8]
Event: 101.325 Thread 0x000002dab3a20010 7704       3       java.security.ProtectionDomain$Key::<init> (5 bytes)
Event: 101.326 Thread 0x000002dab3a20010 nmethod 7704 0x000002da9eca3a90 code [0x000002da9eca3c20, 0x000002da9eca3d78]

GC Heap History (20 events):
Event: 91.044 GC heap before
{Heap before GC invocations=35 (full 0):
 garbage-first heap   total 78848K, used 63208K [0x0000000080000000, 0x0000000100000000)
  region size 1024K, 19 young (19456K), 2 survivors (2048K)
 Metaspace       used 51018K, committed 52736K, reserved 487424K
  class space    used 7263K, committed 8192K, reserved 421888K
}
Event: 91.060 GC heap after
{Heap after GC invocations=36 (full 0):
 garbage-first heap   total 78848K, used 45137K [0x0000000080000000, 0x0000000100000000)
  region size 1024K, 3 young (3072K), 3 survivors (3072K)
 Metaspace       used 51018K, committed 52736K, reserved 487424K
  class space    used 7263K, committed 8192K, reserved 421888K
}
Event: 91.224 GC heap before
{Heap before GC invocations=36 (full 0):
 garbage-first heap   total 78848K, used 48209K [0x0000000080000000, 0x0000000100000000)
  region size 1024K, 7 young (7168K), 3 survivors (3072K)
 Metaspace       used 51106K, committed 52864K, reserved 487424K
  class space    used 7264K, committed 8192K, reserved 421888K
}
Event: 91.229 GC heap after
{Heap after GC invocations=37 (full 0):
 garbage-first heap   total 78848K, used 45544K [0x0000000080000000, 0x0000000100000000)
  region size 1024K, 1 young (1024K), 1 survivors (1024K)
 Metaspace       used 51106K, committed 52864K, reserved 487424K
  class space    used 7264K, committed 8192K, reserved 421888K
}
Event: 92.616 GC heap before
{Heap before GC invocations=38 (full 0):
 garbage-first heap   total 86016K, used 68072K [0x0000000080000000, 0x0000000100000000)
  region size 1024K, 19 young (19456K), 1 survivors (1024K)
 Metaspace       used 53329K, committed 55040K, reserved 487424K
  class space    used 7550K, committed 8448K, reserved 421888K
}
Event: 92.622 GC heap after
{Heap after GC invocations=39 (full 0):
 garbage-first heap   total 86016K, used 50862K [0x0000000080000000, 0x0000000100000000)
  region size 1024K, 2 young (2048K), 2 survivors (2048K)
 Metaspace       used 53329K, committed 55040K, reserved 487424K
  class space    used 7550K, committed 8448K, reserved 421888K
}
Event: 93.315 GC heap before
{Heap before GC invocations=39 (full 0):
 garbage-first heap   total 86016K, used 51886K [0x0000000080000000, 0x0000000100000000)
  region size 1024K, 4 young (4096K), 2 survivors (2048K)
 Metaspace       used 53392K, committed 55104K, reserved 487424K
  class space    used 7558K, committed 8448K, reserved 421888K
}
Event: 93.319 GC heap after
{Heap after GC invocations=40 (full 0):
 garbage-first heap   total 86016K, used 51313K [0x0000000080000000, 0x0000000100000000)
  region size 1024K, 2 young (2048K), 2 survivors (2048K)
 Metaspace       used 53392K, committed 55104K, reserved 487424K
  class space    used 7558K, committed 8448K, reserved 421888K
}
Event: 93.573 GC heap before
{Heap before GC invocations=41 (full 0):
 garbage-first heap   total 96256K, used 55409K [0x0000000080000000, 0x0000000100000000)
  region size 1024K, 3 young (3072K), 2 survivors (2048K)
 Metaspace       used 53392K, committed 55104K, reserved 487424K
  class space    used 7558K, committed 8448K, reserved 421888K
}
Event: 93.577 GC heap after
{Heap after GC invocations=42 (full 0):
 garbage-first heap   total 96256K, used 55925K [0x0000000080000000, 0x0000000100000000)
  region size 1024K, 1 young (1024K), 1 survivors (1024K)
 Metaspace       used 53392K, committed 55104K, reserved 487424K
  class space    used 7558K, committed 8448K, reserved 421888K
}
Event: 94.333 GC heap before
{Heap before GC invocations=43 (full 0):
 garbage-first heap   total 102400K, used 75381K [0x0000000080000000, 0x0000000100000000)
  region size 1024K, 17 young (17408K), 1 survivors (1024K)
 Metaspace       used 54620K, committed 56384K, reserved 487424K
  class space    used 7729K, committed 8640K, reserved 421888K
}
Event: 94.336 GC heap after
{Heap after GC invocations=44 (full 0):
 garbage-first heap   total 122880K, used 61152K [0x0000000080000000, 0x0000000100000000)
  region size 1024K, 3 young (3072K), 3 survivors (3072K)
 Metaspace       used 54620K, committed 56384K, reserved 487424K
  class space    used 7729K, committed 8640K, reserved 421888K
}
Event: 95.191 GC heap before
{Heap before GC invocations=44 (full 0):
 garbage-first heap   total 122880K, used 88800K [0x0000000080000000, 0x0000000100000000)
  region size 1024K, 30 young (30720K), 3 survivors (3072K)
 Metaspace       used 57960K, committed 59776K, reserved 487424K
  class space    used 8157K, committed 9088K, reserved 421888K
}
Event: 95.194 GC heap after
{Heap after GC invocations=45 (full 0):
 garbage-first heap   total 122880K, used 62040K [0x0000000080000000, 0x0000000100000000)
  region size 1024K, 3 young (3072K), 3 survivors (3072K)
 Metaspace       used 57960K, committed 59776K, reserved 487424K
  class space    used 8157K, committed 9088K, reserved 421888K
}
Event: 97.771 GC heap before
{Heap before GC invocations=46 (full 0):
 garbage-first heap   total 122880K, used 94808K [0x0000000080000000, 0x0000000100000000)
  region size 1024K, 35 young (35840K), 3 survivors (3072K)
 Metaspace       used 60952K, committed 62848K, reserved 487424K
  class space    used 8646K, committed 9664K, reserved 421888K
}
Event: 97.778 GC heap after
{Heap after GC invocations=47 (full 0):
 garbage-first heap   total 122880K, used 64190K [0x0000000080000000, 0x0000000100000000)
  region size 1024K, 5 young (5120K), 5 survivors (5120K)
 Metaspace       used 60952K, committed 62848K, reserved 487424K
  class space    used 8646K, committed 9664K, reserved 421888K
}
Event: 98.653 GC heap before
{Heap before GC invocations=47 (full 0):
 garbage-first heap   total 122880K, used 94910K [0x0000000080000000, 0x0000000100000000)
  region size 1024K, 35 young (35840K), 5 survivors (5120K)
 Metaspace       used 63024K, committed 65024K, reserved 487424K
  class space    used 8939K, committed 9984K, reserved 421888K
}
Event: 98.664 GC heap after
{Heap after GC invocations=48 (full 0):
 garbage-first heap   total 122880K, used 64845K [0x0000000080000000, 0x0000000100000000)
  region size 1024K, 3 young (3072K), 3 survivors (3072K)
 Metaspace       used 63024K, committed 65024K, reserved 487424K
  class space    used 8939K, committed 9984K, reserved 421888K
}
Event: 100.241 GC heap before
{Heap before GC invocations=49 (full 0):
 garbage-first heap   total 122880K, used 96589K [0x0000000080000000, 0x0000000100000000)
  region size 1024K, 35 young (35840K), 3 survivors (3072K)
 Metaspace       used 64720K, committed 66688K, reserved 487424K
  class space    used 9153K, committed 10176K, reserved 421888K
}
Event: 100.252 GC heap after
{Heap after GC invocations=50 (full 0):
 garbage-first heap   total 122880K, used 66862K [0x0000000080000000, 0x0000000100000000)
  region size 1024K, 3 young (3072K), 3 survivors (3072K)
 Metaspace       used 64720K, committed 66688K, reserved 487424K
  class space    used 9153K, committed 10176K, reserved 421888K
}

Deoptimization events (20 events):
Event: 98.713 Thread 0x000002dab962c040 DEOPT PACKING pc=0x000002da9e20b9e6 sp=0x000000e1da7f6ba0
Event: 98.714 Thread 0x000002dab962c040 DEOPT UNPACKING pc=0x000002da9d9f2b43 sp=0x000000e1da7f6068 mode 0
Event: 99.473 Thread 0x000002dab962c040 DEOPT PACKING pc=0x000002da9e9d21d6 sp=0x000000e1da7f7f30
Event: 99.474 Thread 0x000002dab962c040 DEOPT UNPACKING pc=0x000002da9d9f2b43 sp=0x000000e1da7f7418 mode 0
Event: 99.741 Thread 0x000002dab872e630 DEOPT PACKING pc=0x000002da9e9a2a71 sp=0x000000e1dadfe970
Event: 99.741 Thread 0x000002dab872e630 DEOPT UNPACKING pc=0x000002da9d9f2b43 sp=0x000000e1dadfde10 mode 0
Event: 99.778 Thread 0x000002dab872e630 DEOPT PACKING pc=0x000002da9e917743 sp=0x000000e1dadfea00
Event: 99.778 Thread 0x000002dab872e630 DEOPT UNPACKING pc=0x000002da9d9f2b43 sp=0x000000e1dadfde88 mode 0
Event: 99.931 Thread 0x000002dab962c040 Uncommon trap: trap_request=0xffffff76 fr.pc=0x000002daa575de4c relative=0x000000000000606c
Event: 99.931 Thread 0x000002dab962c040 Uncommon trap: reason=predicate action=maybe_recompile pc=0x000002daa575de4c method=jdk.internal.loader.Resource.getBytes()[B @ 50 c2
Event: 99.931 Thread 0x000002dab962c040 DEOPT PACKING pc=0x000002daa575de4c sp=0x000000e1da7f85d0
Event: 99.931 Thread 0x000002dab962c040 DEOPT UNPACKING pc=0x000002da9d9f23a3 sp=0x000000e1da7f84c8 mode 2
Event: 100.346 Thread 0x000002dab962c040 Uncommon trap: trap_request=0xffffff45 fr.pc=0x000002daa56c4240 relative=0x00000000000018c0
Event: 100.346 Thread 0x000002dab962c040 Uncommon trap: reason=unstable_if action=reinterpret pc=0x000002daa56c4240 method=groovy.lang.MetaClassImpl.checkIfStdMethod(Lgroovy/lang/MetaMethod;)V @ 55 c2
Event: 100.346 Thread 0x000002dab962c040 DEOPT PACKING pc=0x000002daa56c4240 sp=0x000000e1da7f63d0
Event: 100.346 Thread 0x000002dab962c040 DEOPT UNPACKING pc=0x000002da9d9f23a3 sp=0x000000e1da7f6360 mode 2
Event: 101.316 Thread 0x000002dab872e160 Uncommon trap: trap_request=0xffffff45 fr.pc=0x000002daa57b1654 relative=0x0000000000006234
Event: 101.316 Thread 0x000002dab872e160 Uncommon trap: reason=unstable_if action=reinterpret pc=0x000002daa57b1654 method=java.io.ObjectStreamClass.writeNonProxy(Ljava/io/ObjectOutputStream;)V @ 22 c2
Event: 101.316 Thread 0x000002dab872e160 DEOPT PACKING pc=0x000002daa57b1654 sp=0x000000e1daafda10
Event: 101.316 Thread 0x000002dab872e160 DEOPT UNPACKING pc=0x000002da9d9f23a3 sp=0x000000e1daafd8c0 mode 2

Classes loaded (20 events):
Event: 97.200 Loading class com/sun/org/apache/xerces/internal/utils/XMLSecurityPropertyManager$Property
Event: 97.200 Loading class com/sun/org/apache/xerces/internal/utils/XMLSecurityPropertyManager$Property done
Event: 97.311 Loading class java/util/regex/Pattern$SliceI
Event: 97.312 Loading class java/util/regex/Pattern$SliceI done
Event: 97.377 Loading class java/lang/Byte$ByteCache
Event: 97.378 Loading class java/lang/Byte$ByteCache done
Event: 98.334 Loading class java/util/AbstractList$ListItr
Event: 98.334 Loading class java/util/AbstractList$ListItr done
Event: 98.498 Loading class java/util/regex/Pattern$1
Event: 98.498 Loading class java/util/regex/Pattern$1 done
Event: 100.261 Loading class java/util/AbstractList$RandomAccessSubList
Event: 100.261 Loading class java/util/AbstractList$SubList
Event: 100.262 Loading class java/util/AbstractList$SubList done
Event: 100.262 Loading class java/util/AbstractList$RandomAccessSubList done
Event: 100.262 Loading class java/util/AbstractList$SubList$1
Event: 100.262 Loading class java/util/AbstractList$SubList$1 done
Event: 101.283 Loading class java/util/stream/SortedOps$RefSortingSink
Event: 101.284 Loading class java/util/stream/SortedOps$RefSortingSink done
Event: 101.312 Loading class java/time/Ser
Event: 101.315 Loading class java/time/Ser done

Classes unloaded (0 events):
No events

Classes redefined (0 events):
No events

Internal exceptions (20 events):
Event: 100.303 Thread 0x000002dab962c040 Exception <a 'java/lang/ClassNotFoundException'{0x0000000087539b30}: org/gradle/api/internal/plugins/DefaultPluginContainerBeanInfo> (0x0000000087539b30) 
thrown [s\open\src\hotspot\share\classfile\systemDictionary.cpp, line 255]
Event: 100.306 Thread 0x000002dab962c040 Exception <a 'java/lang/ClassNotFoundException'{0x00000000875458e0}: org/gradle/api/internal/plugins/DefaultPluginCollectionBeanInfo> (0x00000000875458e0) 
thrown [s\open\src\hotspot\share\classfile\systemDictionary.cpp, line 255]
Event: 100.307 Thread 0x000002dab962c040 Exception <a 'java/lang/ClassNotFoundException'{0x0000000087551788}: org/gradle/api/internal/DefaultDomainObjectSetBeanInfo> (0x0000000087551788) 
thrown [s\open\src\hotspot\share\classfile\systemDictionary.cpp, line 255]
Event: 100.307 Thread 0x000002dab962c040 Exception <a 'java/lang/ClassNotFoundException'{0x000000008755d710}: org/gradle/api/internal/DefaultDomainObjectCollectionBeanInfo> (0x000000008755d710) 
thrown [s\open\src\hotspot\share\classfile\systemDictionary.cpp, line 255]
Event: 100.308 Thread 0x000002dab962c040 Exception <a 'java/lang/ClassNotFoundException'{0x0000000087569730}: org/gradle/api/internal/DefaultDomainObjectCollectionCustomizer> (0x0000000087569730) 
thrown [s\open\src\hotspot\share\classfile\systemDictionary.cpp, line 255]
Event: 100.311 Thread 0x000002dab962c040 Exception <a 'java/lang/ClassNotFoundException'{0x0000000087593950}: org/gradle/api/internal/DefaultDomainObjectSetCustomizer> (0x0000000087593950) 
thrown [s\open\src\hotspot\share\classfile\systemDictionary.cpp, line 255]
Event: 100.312 Thread 0x000002dab962c040 Exception <a 'java/lang/ClassNotFoundException'{0x00000000875ade00}: org/gradle/api/internal/plugins/DefaultPluginCollectionCustomizer> (0x00000000875ade00) 
thrown [s\open\src\hotspot\share\classfile\systemDictionary.cpp, line 255]
Event: 100.314 Thread 0x000002dab962c040 Exception <a 'java/lang/ClassNotFoundException'{0x00000000875e28f8}: org/gradle/api/internal/plugins/DefaultPluginContainerCustomizer> (0x00000000875e28f8) 
thrown [s\open\src\hotspot\share\classfile\systemDictionary.cpp, line 255]
Event: 100.333 Thread 0x000002dab962c040 Exception <a 'java/lang/ClassNotFoundException'{0x00000000874424c8}: GradleAnnotationProcessorPatchPluginBeanInfo> (0x00000000874424c8) 
thrown [s\open\src\hotspot\share\classfile\systemDictionary.cpp, line 255]
Event: 100.333 Thread 0x000002dab962c040 Exception <a 'java/lang/ClassNotFoundException'{0x000000008744d1b0}: GradleAnnotationProcessorPatchPluginCustomizer> (0x000000008744d1b0) 
thrown [s\open\src\hotspot\share\classfile\systemDictionary.cpp, line 255]
Event: 100.348 Thread 0x000002dab962c040 Exception <a 'java/lang/ClassNotFoundException'{0x00000000874782f8}: GradleAnnotationProcessorPatchPlugin$AnnotationProcessorModelBuilderBeanInfo> (0x00000000874782f8) 
thrown [s\open\src\hotspot\share\classfile\systemDictionary.cpp, line 255]
Event: 100.350 Thread 0x000002dab962c040 Exception <a 'java/lang/ClassNotFoundException'{0x0000000087483390}: GradleAnnotationProcessorPatchPlugin$AnnotationProcessorModelBuilderCustomizer> (0x0000000087483390) 
thrown [s\open\src\hotspot\share\classfile\systemDictionary.cpp, line 255]
Event: 100.385 Thread 0x000002dab962c040 Exception <a 'java/lang/ClassNotFoundException'{0x00000000874ed3a8}: org/gradle/tooling/provider/model/internal/DefaultToolingModelBuilderRegistryBeanInfo> (0x00000000874ed3a8) 
thrown [s\open\src\hotspot\share\classfile\systemDictionary.cpp, line 255]
Event: 100.390 Thread 0x000002dab962c040 Exception <a 'java/lang/ClassNotFoundException'{0x0000000087304300}: org/gradle/tooling/provider/model/internal/DefaultToolingModelBuilderRegistryCustomizer> (0x0000000087304300) 
thrown [s\open\src\hotspot\share\classfile\systemDictionary.cpp, line 255]
Event: 101.282 Thread 0x000002dab962c040 Exception <a 'java/lang/NoSuchMethodError'{0x000000008691ee00}: 'long java.lang.invoke.DirectMethodHandle$Holder.invokeVirtual(java.lang.Object, java.lang.Object)'> (0x000000008691ee00) 
thrown [s\open\src\hotspot\share\interpreter\linkResolver.cpp, line 759]
Event: 101.296 Thread 0x000002dab872e160 Exception <a 'java/lang/NoSuchMethodError'{0x00000000869a2888}: static Lorg/gradle/internal/build/event/types/DefaultProjectConfigurationSuccessResult;.<clinit>()V> (0x00000000869a2888) 
thrown [s\open\src\hotspot\share\prims\jni.cpp, line 1104]
Event: 101.296 Thread 0x000002dab872e160 Exception <a 'java/lang/NoSuchMethodError'{0x00000000869a3b80}: static Lorg/gradle/internal/build/event/types/AbstractProjectConfigurationResult;.<clinit>()V> (0x00000000869a3b80) 
thrown [s\open\src\hotspot\share\prims\jni.cpp, line 1104]
Event: 101.300 Thread 0x000002dab872e160 Exception <a 'java/lang/NoSuchMethodError'{0x00000000869b6df0}: static Lorg/gradle/internal/build/event/types/DefaultPluginApplicationResult;.<clinit>()V> (0x00000000869b6df0) 
thrown [s\open\src\hotspot\share\prims\jni.cpp, line 1104]
Event: 101.301 Thread 0x000002dab872e160 Exception <a 'java/lang/NoSuchMethodError'{0x00000000869c2920}: static Lorg/gradle/internal/build/event/types/DefaultBinaryPluginIdentifier;.<clinit>()V> (0x00000000869c2920) 
thrown [s\open\src\hotspot\share\prims\jni.cpp, line 1104]
Event: 101.318 Thread 0x000002dab872e160 Exception <a 'java/lang/NoSuchMethodError'{0x00000000869d9ff0}: static Lorg/gradle/internal/build/event/types/DefaultScriptPluginIdentifier;.<clinit>()V> (0x00000000869d9ff0) 
thrown [s\open\src\hotspot\share\prims\jni.cpp, line 1104]

VM Operations (20 events):
Event: 96.376 Executing VM operation: Cleanup
Event: 96.376 Executing VM operation: Cleanup done
Event: 97.382 Executing VM operation: Cleanup
Event: 97.383 Executing VM operation: Cleanup done
Event: 97.771 Executing VM operation: G1CollectForAllocation
Event: 97.778 Executing VM operation: G1CollectForAllocation done
Event: 98.335 Executing VM operation: HandshakeAllThreads
Event: 98.335 Executing VM operation: HandshakeAllThreads done
Event: 98.652 Executing VM operation: G1CollectForAllocation
Event: 98.668 Executing VM operation: G1CollectForAllocation done
Event: 98.782 Executing VM operation: G1Concurrent
Event: 98.806 Executing VM operation: G1Concurrent done
Event: 98.863 Executing VM operation: G1Concurrent
Event: 98.863 Executing VM operation: G1Concurrent done
Event: 99.875 Executing VM operation: Cleanup
Event: 99.876 Executing VM operation: Cleanup done
Event: 100.240 Executing VM operation: G1CollectForAllocation
Event: 100.253 Executing VM operation: G1CollectForAllocation done
Event: 100.667 Executing VM operation: HandshakeAllThreads
Event: 100.667 Executing VM operation: HandshakeAllThreads done

Events (20 events):
Event: 88.123 Thread 0x000002dab3a91bd0 flushing nmethod 0x000002da9e79da90
Event: 88.123 Thread 0x000002dab3a91bd0 flushing nmethod 0x000002da9e7b0290
Event: 88.123 Thread 0x000002dab3a91bd0 flushing nmethod 0x000002da9e7b6b90
Event: 88.123 Thread 0x000002dab3a91bd0 flushing nmethod 0x000002da9e7daf90
Event: 88.123 Thread 0x000002dab3a91bd0 flushing nmethod 0x000002da9e7dc990
Event: 88.123 Thread 0x000002dab3a91bd0 flushing nmethod 0x000002da9e7e4110
Event: 88.123 Thread 0x000002dab3a91bd0 flushing nmethod 0x000002da9e7f0e90
Event: 88.123 Thread 0x000002dab3a91bd0 flushing nmethod 0x000002da9e815990
Event: 88.123 Thread 0x000002dab3a91bd0 flushing nmethod 0x000002da9e81cf90
Event: 88.123 Thread 0x000002dab3a91bd0 flushing nmethod 0x000002da9e849e10
Event: 88.123 Thread 0x000002dab3a91bd0 flushing nmethod 0x000002da9e863490
Event: 88.124 Thread 0x000002dab3a91bd0 flushing nmethod 0x000002da9e8c4b10
Event: 88.124 Thread 0x000002dab3a91bd0 flushing nmethod 0x000002da9e8c4e90
Event: 88.125 Thread 0x000002dab3a91bd0 flushing nmethod 0x000002da9e9d4410
Event: 89.757 Thread 0x000002daba4439d0 Thread added: 0x000002daba4439d0
Event: 90.742 Thread 0x000002daba444370 Thread added: 0x000002daba444370
Event: 90.742 Thread 0x000002daba4404e0 Thread added: 0x000002daba4404e0
Event: 90.743 Thread 0x000002daba43d990 Thread added: 0x000002daba43d990
Event: 92.501 Thread 0x000002daba441350 Thread added: 0x000002daba441350
Event: 97.359 Thread 0x000002daba442690 Thread added: 0x000002daba442690


Dynamic libraries:
0x00007ff611310000 - 0x00007ff611320000 	C:\Program Files\Java\jdk-18.0.2.1\bin\java.exe
0x00007fffb7770000 - 0x00007fffb7986000 	C:\WINDOWS\SYSTEM32\ntdll.dll
0x00007fffb6af0000 - 0x00007fffb6bb4000 	C:\WINDOWS\System32\KERNEL32.DLL
0x00007fffb4b30000 - 0x00007fffb4ed7000 	C:\WINDOWS\System32\KERNELBASE.dll
0x00007fffb5210000 - 0x00007fffb5321000 	C:\WINDOWS\System32\ucrtbase.dll
0x00007fffad210000 - 0x00007fffad228000 	C:\Program Files\Java\jdk-18.0.2.1\bin\jli.dll
0x00007fffb69d0000 - 0x00007fffb6a82000 	C:\WINDOWS\System32\ADVAPI32.dll
0x00007fffb61f0000 - 0x00007fffb6297000 	C:\WINDOWS\System32\msvcrt.dll
0x00007fffb56a0000 - 0x00007fffb5748000 	C:\WINDOWS\System32\sechost.dll
0x00007fffb4b00000 - 0x00007fffb4b28000 	C:\WINDOWS\System32\bcrypt.dll
0x00007fffb6cc0000 - 0x00007fffb6dd5000 	C:\WINDOWS\System32\RPCRT4.dll
0x00007fffb54a0000 - 0x00007fffb564e000 	C:\WINDOWS\System32\USER32.dll
0x00007fffb5330000 - 0x00007fffb5356000 	C:\WINDOWS\System32\win32u.dll
0x00007fffb6f90000 - 0x00007fffb6fb9000 	C:\WINDOWS\System32\GDI32.dll
0x00007fffb50f0000 - 0x00007fffb5209000 	C:\WINDOWS\System32\gdi32full.dll
0x00007fffb5050000 - 0x00007fffb50ea000 	C:\WINDOWS\System32\msvcp_win.dll
0x00007fffad230000 - 0x00007fffad24a000 	C:\Program Files\Java\jdk-18.0.2.1\bin\VCRUNTIME140.dll
0x00007fff9b0f0000 - 0x00007fff9b383000 	C:\WINDOWS\WinSxS\amd64_microsoft.windows.common-controls_6595b64144ccf1df_6.0.22621.3235_none_270f74e173860f98\COMCTL32.dll
0x00007fffacf60000 - 0x00007fffacf6a000 	C:\WINDOWS\SYSTEM32\VERSION.dll
0x00007fffb7470000 - 0x00007fffb74a1000 	C:\WINDOWS\System32\IMM32.DLL
0x00007fffae140000 - 0x00007fffae14c000 	C:\Program Files\Java\jdk-18.0.2.1\bin\vcruntime140_1.dll
0x00007fffad180000 - 0x00007fffad20d000 	C:\Program Files\Java\jdk-18.0.2.1\bin\msvcp140.dll
0x00007fff684f0000 - 0x00007fff69101000 	C:\Program Files\Java\jdk-18.0.2.1\bin\server\jvm.dll
0x00007fffb6160000 - 0x00007fffb6168000 	C:\WINDOWS\System32\PSAPI.DLL
0x00007fffae080000 - 0x00007fffae089000 	C:\WINDOWS\SYSTEM32\WSOCK32.dll
0x00007fffb6170000 - 0x00007fffb61e1000 	C:\WINDOWS\System32\WS2_32.dll
0x00007fffad020000 - 0x00007fffad054000 	C:\WINDOWS\SYSTEM32\WINMM.dll
0x00007fffb3ad0000 - 0x00007fffb3ae8000 	C:\WINDOWS\SYSTEM32\kernel.appcore.dll
0x00007fffa5cd0000 - 0x00007fffa5cda000 	C:\Program Files\Java\jdk-18.0.2.1\bin\jimage.dll
0x00007fffb24c0000 - 0x00007fffb26f3000 	C:\WINDOWS\SYSTEM32\DBGHELP.DLL
0x00007fffb70e0000 - 0x00007fffb7468000 	C:\WINDOWS\System32\combase.dll
0x00007fffb6bc0000 - 0x00007fffb6c97000 	C:\WINDOWS\System32\OLEAUT32.dll
0x00007fff92c80000 - 0x00007fff92cb2000 	C:\WINDOWS\SYSTEM32\dbgcore.DLL
0x00007fffb5360000 - 0x00007fffb53d9000 	C:\WINDOWS\System32\bcryptPrimitives.dll
0x00007fff674f0000 - 0x00007fff674fe000 	C:\Program Files\Java\jdk-18.0.2.1\bin\instrument.dll
0x00007fff68410000 - 0x00007fff68435000 	C:\Program Files\Java\jdk-18.0.2.1\bin\java.dll
0x00007fffad0a0000 - 0x00007fffad176000 	C:\Program Files\Java\jdk-18.0.2.1\bin\jsvml.dll
0x00007fffb5750000 - 0x00007fffb5fac000 	C:\WINDOWS\System32\SHELL32.dll
0x00007fffb29f0000 - 0x00007fffb32e9000 	C:\WINDOWS\SYSTEM32\windows.storage.dll
0x00007fffb28b0000 - 0x00007fffb29ee000 	C:\WINDOWS\SYSTEM32\wintypes.dll
0x00007fffb6fc0000 - 0x00007fffb70b3000 	C:\WINDOWS\System32\SHCORE.dll
0x00007fffb6320000 - 0x00007fffb637e000 	C:\WINDOWS\System32\shlwapi.dll
0x00007fffb49c0000 - 0x00007fffb49e1000 	C:\WINDOWS\SYSTEM32\profapi.dll
0x00007fff91770000 - 0x00007fff91788000 	C:\Program Files\Java\jdk-18.0.2.1\bin\zip.dll
0x00007fff917b0000 - 0x00007fff917c3000 	C:\Program Files\Java\jdk-18.0.2.1\bin\net.dll
0x00007fffae560000 - 0x00007fffae696000 	C:\WINDOWS\SYSTEM32\WINHTTP.dll
0x00007fffb3f40000 - 0x00007fffb3fa9000 	C:\WINDOWS\system32\mswsock.dll
0x00007fff91790000 - 0x00007fff917a6000 	C:\Program Files\Java\jdk-18.0.2.1\bin\nio.dll
0x00007fffad090000 - 0x00007fffad0a0000 	C:\Program Files\Java\jdk-18.0.2.1\bin\verify.dll
0x00007fff67400000 - 0x00007fff67427000 	C:\Users\117ta\.gradle\native\c067742578af261105cb4f569cf0c3c89f3d7b1fecec35dd04571415982c5e48\windows-amd64\native-platform.dll
0x00007fff5e000000 - 0x00007fff5e144000 	C:\Users\117ta\.gradle\native\38dada09dfb8b06ba9b0570ebf7e218e3eb74d4ef43ca46872605cf95ebc2f47\windows-amd64\native-platform-file-events.dll
0x00007fff67560000 - 0x00007fff67569000 	C:\Program Files\Java\jdk-18.0.2.1\bin\management.dll
0x00007fff67510000 - 0x00007fff6751b000 	C:\Program Files\Java\jdk-18.0.2.1\bin\management_ext.dll
0x00007fffb41a0000 - 0x00007fffb41bb000 	C:\WINDOWS\SYSTEM32\CRYPTSP.dll
0x00007fffb3a30000 - 0x00007fffb3a65000 	C:\WINDOWS\system32\rsaenh.dll
0x00007fffb4040000 - 0x00007fffb4068000 	C:\WINDOWS\SYSTEM32\USERENV.dll
0x00007fffb41c0000 - 0x00007fffb41cc000 	C:\WINDOWS\SYSTEM32\CRYPTBASE.dll
0x00007fffb3550000 - 0x00007fffb357d000 	C:\WINDOWS\SYSTEM32\IPHLPAPI.DLL
0x00007fffb70c0000 - 0x00007fffb70c9000 	C:\WINDOWS\System32\NSI.dll
0x00007fffaef10000 - 0x00007fffaef29000 	C:\WINDOWS\SYSTEM32\dhcpcsvc6.DLL
0x00007fffaeef0000 - 0x00007fffaef0f000 	C:\WINDOWS\SYSTEM32\dhcpcsvc.DLL
0x00007fffb35c0000 - 0x00007fffb36b9000 	C:\WINDOWS\SYSTEM32\DNSAPI.dll

dbghelp: loaded successfully - version: 4.0.5 - missing functions: none
symbol engine: initialized successfully - sym options: 0x614 - pdb path: .;C:\Program Files\Java\jdk-18.0.2.1\bin;C:\WINDOWS\SYSTEM32;C:\WINDOWS\WinSxS\amd64_microsoft.windows.common-controls_6595b64144ccf1df_6.0.22621.3235_none_270f74e173860f98;C:\Program Files\Java\jdk-18.0.2.1\bin\server;C:\Users\117ta\.gradle\native\c067742578af261105cb4f569cf0c3c89f3d7b1fecec35dd04571415982c5e48\windows-amd64;C:\Users\117ta\.gradle\native\38dada09dfb8b06ba9b0570ebf7e218e3eb74d4ef43ca46872605cf95ebc2f47\windows-amd64

VM Arguments:
jvm_args: -XX:MaxMetaspaceSize=512m --add-opens=java.base/java.util=ALL-UNNAMED --add-opens=java.base/java.lang=ALL-UNNAMED --add-opens=java.base/java.lang.invoke=ALL-UNNAMED --add-opens=java.prefs/java.util.prefs=ALL-UNNAMED --add-opens=java.base/java.nio.charset=ALL-UNNAMED --add-opens=java.base/java.net=ALL-UNNAMED --add-opens=java.base/java.util.concurrent.atomic=ALL-UNNAMED -Xmx2048m -Dfile.encoding=utf8 -Duser.country=MY -Duser.language=en -Duser.variant -javaagent:C:\Users\117ta\.gradle\wrapper\dists\gradle-8.6-all\3mbtmo166bl6vumsh5k2lkq5h\gradle-8.6\lib\agents\gradle-instrumentation-agent-8.6.jar 
java_command: org.gradle.launcher.daemon.bootstrap.GradleDaemon 8.6
java_class_path (initial): C:\Users\117ta\.gradle\wrapper\dists\gradle-8.6-all\3mbtmo166bl6vumsh5k2lkq5h\gradle-8.6\lib\gradle-launcher-8.6.jar
Launcher Type: SUN_STANDARD

[Global flags]
     intx CICompilerCount                          = 3                                         {product} {ergonomic}
   size_t CompressedClassSpaceSize                 = 432013312                                 {product} {ergonomic}
     uint ConcGCThreads                            = 1                                         {product} {ergonomic}
     uint G1ConcRefinementThreads                  = 4                                         {product} {ergonomic}
   size_t G1HeapRegionSize                         = 1048576                                   {product} {ergonomic}
    uintx GCDrainStackTargetSize                   = 64                                        {product} {ergonomic}
   size_t InitialHeapSize                          = 58720256                                  {product} {ergonomic}
   size_t MarkStackSize                            = 4194304                                   {product} {ergonomic}
   size_t MaxHeapSize                              = 2147483648                                {product} {command line}
   size_t MaxMetaspaceSize                         = 536870912                                 {product} {command line}
   size_t MaxNewSize                               = 1287651328                                {product} {ergonomic}
   size_t MinHeapDeltaBytes                        = 1048576                                   {product} {ergonomic}
   size_t MinHeapSize                              = 8388608                                   {product} {ergonomic}
    uintx NonNMethodCodeHeapSize                   = 5832780                                {pd product} {ergonomic}
    uintx NonProfiledCodeHeapSize                  = 122912730                              {pd product} {ergonomic}
    uintx ProfiledCodeHeapSize                     = 122912730                              {pd product} {ergonomic}
    uintx ReservedCodeCacheSize                    = 251658240                              {pd product} {ergonomic}
     bool SegmentedCodeCache                       = true                                      {product} {ergonomic}
   size_t SoftMaxHeapSize                          = 2147483648                             {manageable} {ergonomic}
     bool UseCompressedClassPointers               = true                           {product lp64_product} {ergonomic}
     bool UseCompressedOops                        = true                           {product lp64_product} {ergonomic}
     bool UseG1GC                                  = true                                      {product} {ergonomic}
     bool UseLargePagesIndividualAllocation        = false                                  {pd product} {ergonomic}

Logging:
Log output configuration:
 #0: stdout all=warning uptime,level,tags foldmultilines=false
 #1: stderr all=off uptime,level,tags foldmultilines=false

Environment Variables:
JAVA_HOME=C:\Program Files\Java\jdk-18.0.2.1
PATH=C:\Users\117ta\TaskTitan\node_modules\.bin;C:\Users\117ta\TaskTitan\node_modules\.bin;C:\Users\117ta\node_modules\.bin;C:\Users\node_modules\.bin;C:\node_modules\.bin;C:\Users\117ta\AppData\Roaming\npm\node_modules\npm\node_modules\@npmcli\run-script\lib\node-gyp-bin;C:\Users\117ta\TaskTitan\node_modules\.bin;C:\Users\117ta\TaskTitan\node_modules\.bin;C:\Users\117ta\node_modules\.bin;C:\Users\node_modules\.bin;C:\node_modules\.bin;C:\Users\117ta\AppData\Roaming\npm\node_modules\npm\node_modules\@npmcli\run-script\lib\node-gyp-bin;C:\Program Files\Common Files\Oracle\Java\javapath;C:\WINDOWS\system32;C:\WINDOWS;C:\WINDOWS\System32\Wbem;C:\WINDOWS\System32\WindowsPowerShell\v1.0\;C:\WINDOWS\System32\OpenSSH\;C:\Program Files\Java\jdk-18.0.2.1\bin;C:\Program Files\nodejs\;C:\Users\117ta\AppData\Local\Android\Sdk\platform-tools;C:\Program Files\Git\cmd;C:\Users\117ta\AppData\Local\Programs\Python\Launcher\;C:\Users\117ta\anaconda3;C:\Users\117ta\anaconda3\Library\mingw-w64\bin;C:\Users\117ta\anaconda3\Library\usr\bin;C:\Users\117ta\anaconda3\Library\bin;C:\Users\117ta\anaconda3\Scripts;C:\Users\117ta\AppData\Local\Microsoft\WindowsApps;C:\Users\117ta\AppData\Roaming\npm;C:\Users\117ta\AppData\Local\Programs\Microsoft VS Code\bin
USERNAME=117ta
LANG=en_US.UTF-8
OS=Windows_NT
PROCESSOR_IDENTIFIER=AMD64 Family 23 Model 24 Stepping 1, AuthenticAMD



---------------  S Y S T E M  ---------------

OS:
 Windows 11 , 64 bit Build 22621 (10.0.22621.3374)
OS uptime: 0 days 3:42 hours

CPU: total 4 (initial active 4) (4 cores per cpu, 2 threads per core) family 23 model 24 stepping 1 microcode 0x0, cx8, cmov, fxsr, ht, mmx, 3dnowpref, sse, sse2, sse3, ssse3, sse4a, sse4.1, sse4.2, popcnt, lzcnt, tsc, tscinvbit, avx, avx2, aes, clmul, bmi1, bmi2, adx, sha, fma, vzeroupper, clflush, clflushopt

Memory: 4k page, system-wide physical 3460M (105M free)
TotalPageFile size 14212M (AvailPageFile size 6M)
current process WorkingSet (physical memory assigned to process): 237M, peak: 258M
current process commit charge ("private bytes"): 349M, peak: 351M

vm_info: Java HotSpot(TM) 64-Bit Server VM (18.0.2.1+1-1) for windows-amd64 JRE (18.0.2.1+1-1), built on Aug 16 2022 01:46:33 by "mach5one" with MS VC++ 16.8 / 16.9 (VS2019)

END.
