#
# There is insufficient memory for the Java Runtime Environment to continue.
# Native memory allocation (mmap) failed to map 65536 bytes for Failed to commit metaspace.
# Possible reasons:
#   The system is out of physical RAM or swap space
#   The process is running with CompressedOops enabled, and the Java Heap may be blocking the growth of the native heap
# Possible solutions:
#   Reduce memory load on the system
#   Increase physical memory or swap space
#   Check if swap backing store is full
#   Decrease Java heap size (-Xmx/-Xms)
#   Decrease number of Java threads
#   Decrease Java thread stack sizes (-Xss)
#   Set larger code cache with -XX:ReservedCodeCacheSize=
#   JVM is running with Unscaled Compressed Oops mode in which the Java heap is
#     placed in the first 4GB address space. The Java Heap base address is the
#     maximum limit for the native heap growth. Please use -XX:HeapBaseMinAddress
#     to set the Java Heap base and to place the Java Heap above 4GB virtual address.
# This output file may be truncated or incomplete.
#
#  Out of Memory Error (virtualSpaceNode.cpp:110), pid=5692, tid=11492
#
# JRE version: OpenJDK Runtime Environment Temurin-17.0.10+7 (17.0.10+7) (build 17.0.10+7)
# Java VM: OpenJDK 64-Bit Server VM Temurin-17.0.10+7 (17.0.10+7, mixed mode, tiered, compressed oops, compressed class ptrs, parallel gc, windows-amd64)
# No core dump will be written. Minidumps are not enabled by default on client versions of Windows
#

---------------  S U M M A R Y ------------

Command Line: --add-modules=ALL-SYSTEM --add-opens=java.base/java.util=ALL-UNNAMED --add-opens=java.base/java.lang=ALL-UNNAMED --add-opens=java.base/sun.nio.fs=ALL-UNNAMED -Declipse.application=org.eclipse.jdt.ls.core.id1 -Dosgi.bundles.defaultStartLevel=4 -Declipse.product=org.eclipse.jdt.ls.core.product -Djava.import.generatesMetadataFilesAtProjectRoot=false -DDetectVMInstallationsJob.disabled=true -Dfile.encoding=utf8 -XX:+UseParallelGC -XX:GCTimeRatio=4 -XX:AdaptiveSizePolicyWeight=90 -Dsun.zip.disableMemoryMapping=true -Xmx1G -Xms100m -Xlog:disable -javaagent:c:\Users\117ta\.vscode\extensions\redhat.java-1.30.0-win32-x64\lombok\lombok-1.18.32.jar -XX:+HeapDumpOnOutOfMemoryError -XX:HeapDumpPath=c:\Users\117ta\AppData\Roaming\Code\User\workspaceStorage\30f2783324b165ecb2129fcb0834cad4\redhat.java -Daether.dependencyCollector.impl=bf c:\Users\117ta\.vscode\extensions\redhat.java-1.30.0-win32-x64\server\plugins\org.eclipse.equinox.launcher_1.6.800.v20240330-1250.jar -configuration c:\Users\117ta\AppData\Roaming\Code\User\globalStorage\redhat.java\1.30.0\config_win -data c:\Users\117ta\AppData\Roaming\Code\User\workspaceStorage\30f2783324b165ecb2129fcb0834cad4\redhat.java\jdt_ws --pipe=\\.\pipe\lsp-cbde816c3616a25eee0ffaa4704307f8-sock

Host: AMD Athlon Gold 3150U with Radeon Graphics     , 4 cores, 3G,  Windows 11 , 64 bit Build 22621 (10.0.22621.3374)
Time: Sat Apr 27 09:48:43 2024 Malay Peninsula Standard Time elapsed time: 0.840105 seconds (0d 0h 0m 0s)

---------------  T H R E A D  ---------------

Current thread (0x0000023e64361430):  JavaThread "main" [_thread_in_vm, id=11492, stack(0x000000809ba00000,0x000000809bb00000)]

Stack: [0x000000809ba00000,0x000000809bb00000]
Native frames: (J=compiled Java code, j=interpreted, Vv=VM code, C=native code)
V  [jvm.dll+0x67d2c9]
V  [jvm.dll+0x834afa]
V  [jvm.dll+0x8365be]
V  [jvm.dll+0x836c23]
V  [jvm.dll+0x2477ff]
V  [jvm.dll+0x8307bb]
V  [jvm.dll+0x621d16]
V  [jvm.dll+0x621d7a]
V  [jvm.dll+0x6245aa]
V  [jvm.dll+0x6226b6]
V  [jvm.dll+0x23d160]
V  [jvm.dll+0x1ec25b]
V  [jvm.dll+0x1e1c01]
V  [jvm.dll+0x5427ce]
V  [jvm.dll+0x1f2647]
V  [jvm.dll+0x7adf9b]
V  [jvm.dll+0x7af36c]
V  [jvm.dll+0x7af6b8]
V  [jvm.dll+0x23face]
V  [jvm.dll+0x38260e]
C  0x0000023e6e53ae1b

The last pc belongs to new (printed below).
Java frames: (J=compiled Java code, j=interpreted, Vv=VM code)
j  java.util.stream.ReduceOps.makeRef(Ljava/util/stream/Collector;)Ljava/util/stream/TerminalOp;+27 java.base@17.0.10
j  java.util.stream.ReferencePipeline.collect(Ljava/util/stream/Collector;)Ljava/lang/Object;+83 java.base@17.0.10
j  jdk.internal.module.DefaultRoots.compute(Ljava/lang/module/ModuleFinder;Ljava/lang/module/ModuleFinder;)Ljava/util/Set;+55 java.base@17.0.10
j  jdk.internal.module.ModuleBootstrap.boot2()Ljava/lang/ModuleLayer;+727 java.base@17.0.10
j  jdk.internal.module.ModuleBootstrap.boot()Ljava/lang/ModuleLayer;+64 java.base@17.0.10
j  java.lang.System.initPhase2(ZZ)I+0 java.base@17.0.10
v  ~StubRoutines::call_stub
new  187 new  [0x0000023e6e53ac80, 0x0000023e6e53aea0]  544 bytes
[MachCode]
  0x0000023e6e53ac80: 4883 ec08 | c5fa 1104 | 24eb 1f48 | 83ec 10c5 | fb11 0424 | eb14 4883 | ec10 4889 | 0424 48c7 
  0x0000023e6e53aca0: 4424 0800 | 0000 00eb | 0150 410f | b755 010f | cac1 ea10 | 488b 4de8 | 488b 4908 | 488b 4908 
  0x0000023e6e53acc0: 488b 4108 | 807c 1004 | 070f 85d6 | 0000 0066 | 8b54 d148 | 488b 4928 | 488b 4cd1 | 0851 80b9 
  0x0000023e6e53ace0: 3301 0000 | 040f 85b9 | 0000 008b | 5108 f7c2 | 0100 0000 | 0f85 aa00 | 0000 498b | 8708 0100 
  0x0000023e6e53ad00: 0048 8d1c | 1049 3b9f | 1801 0000 | 0f87 9200 | 0000 4989 | 9f08 0100 | 00e9 0000 | 0000 4883 
  0x0000023e6e53ad20: ea10 0f84 | 0f00 0000 | 33c9 c1ea | 0348 894c | d008 48ff | ca75 f648 | c700 0100 | 0000 5933 
  0x0000023e6e53ad40: f689 700c | 48c1 e903 | 8948 0849 | ba7a 35b1 | 64ff 7f00 | 0041 803a | 000f 8440 | 0000 0050 
  0x0000023e6e53ad60: 488b c848 | 83ec 20f7 | c40f 0000 | 000f 841a | 0000 0048 | 83ec 0849 | ba20 3067 | 64ff 7f00 
  0x0000023e6e53ad80: 0041 ffd2 | 4883 c408 | e90d 0000 | 0049 ba20 | 3067 64ff | 7f00 0041 | ffd2 4883 | c420 58e9 
  0x0000023e6e53ada0: cd00 0000 | 5948 8b55 | e848 8b52 | 0848 8b52 | 0845 0fb7 | 4501 410f | c841 c1e8 | 10e8 0500 
  0x0000023e6e53adc0: 0000 e9aa | 0000 0048 | 8d44 2408 | 4c89 6dc0 | 498b cfc5 | f877 4989 | afa8 0200 | 0049 8987 
  0x0000023e6e53ade0: 9802 0000 | 4883 ec20 | f7c4 0f00 | 0000 0f84 | 1a00 0000 | 4883 ec08 | 49ba c025 | 3164 ff7f 
  0x0000023e6e53ae00: 0000 41ff | d248 83c4 | 08e9 0d00 | 0000 49ba | c025 3164 | ff7f 0000 | 41ff d248 | 83c4 2049 
  0x0000023e6e53ae20: c787 9802 | 0000 0000 | 0000 49c7 | 87a8 0200 | 0000 0000 | 0049 c787 | a002 0000 | 0000 0000 
  0x0000023e6e53ae40: c5f8 7749 | 817f 0800 | 0000 000f | 8405 0000 | 00e9 aa60 | feff 498b | 87f0 0200 | 0049 c787 
  0x0000023e6e53ae60: f002 0000 | 0000 0000 | 4c8b 6dc0 | 4c8b 75c8 | c341 0fb6 | 5d03 4983 | c503 49ba | 90a1 b364 
  0x0000023e6e53ae80: ff7f 0000 | 41ff 24da | 0000 0000 | 0000 0000 | 0000 0000 | 0000 0000 | 0000 0000 | 0000 0000 
[/MachCode]

---------------  P R O C E S S  ---------------

Threads class SMR info:
_java_thread_list=0x0000023e7d402dd0, length=11, elements={
0x0000023e64361430, 0x0000023e781a0020, 0x0000023e781a2610, 0x0000023e781cff10,
0x0000023e781d09e0, 0x0000023e781d15a0, 0x0000023e781d2160, 0x0000023e781d4f60,
0x0000023e7d36ab40, 0x0000023e7d36d810, 0x0000023e7d40e040
}

Java Threads: ( => current thread )
=>0x0000023e64361430 JavaThread "main" [_thread_in_vm, id=11492, stack(0x000000809ba00000,0x000000809bb00000)]
  0x0000023e781a0020 JavaThread "Reference Handler" daemon [_thread_blocked, id=10888, stack(0x000000809bd00000,0x000000809be00000)]
  0x0000023e781a2610 JavaThread "Finalizer" daemon [_thread_blocked, id=16080, stack(0x000000809be00000,0x000000809bf00000)]
  0x0000023e781cff10 JavaThread "Signal Dispatcher" daemon [_thread_blocked, id=8368, stack(0x000000809bf00000,0x000000809c000000)]
  0x0000023e781d09e0 JavaThread "Attach Listener" daemon [_thread_blocked, id=15872, stack(0x000000809c000000,0x000000809c100000)]
  0x0000023e781d15a0 JavaThread "Service Thread" daemon [_thread_blocked, id=5388, stack(0x000000809c100000,0x000000809c200000)]
  0x0000023e781d2160 JavaThread "Monitor Deflation Thread" daemon [_thread_blocked, id=11072, stack(0x000000809c200000,0x000000809c300000)]
  0x0000023e781d4f60 JavaThread "C2 CompilerThread0" daemon [_thread_blocked, id=10904, stack(0x000000809c300000,0x000000809c400000)]
  0x0000023e7d36ab40 JavaThread "C1 CompilerThread0" daemon [_thread_blocked, id=8584, stack(0x000000809c400000,0x000000809c500000)]
  0x0000023e7d36d810 JavaThread "Sweeper thread" daemon [_thread_blocked, id=10116, stack(0x000000809c500000,0x000000809c600000)]
  0x0000023e7d40e040 JavaThread "Common-Cleaner" daemon [_thread_blocked, id=13052, stack(0x000000809c600000,0x000000809c700000)]

Other Threads:
  0x0000023e78189340 VMThread "VM Thread" [stack: 0x000000809bc00000,0x000000809bd00000] [id=15068]
  0x0000023e643789a0 GCTaskThread "GC Thread#0" [stack: 0x000000809bb00000,0x000000809bc00000] [id=14408]

Threads with active compile tasks:

VM state: not at safepoint (normal execution)

VM Mutex/Monitor currently owned by a thread:  ([mutex/lock_event])
[0x0000023e6435c270] Metaspace_lock - owner thread: 0x0000023e64361430

Heap address: 0x00000000c0000000, size: 1024 MB, Compressed Oops mode: 32-bit

CDS archive(s) not mapped
Compressed class space mapped at: 0x0000000100000000-0x0000000140000000, reserved size: 1073741824
Narrow klass base: 0x0000000000000000, Narrow klass shift: 3, Narrow klass range: 0x140000000

GC Precious Log:
 CPUs: 4 total, 4 available
 Memory: 3460M
 Large Page Support: Disabled
 NUMA Support: Disabled
 Compressed Oops: Enabled (32-bit)
 Alignments: Space 512K, Generation 512K, Heap 2M
 Heap Min Capacity: 100M
 Heap Initial Capacity: 100M
 Heap Max Capacity: 1G
 Pre-touch: Disabled
 Parallel Workers: 4

Heap:
 PSYoungGen      total 29696K, used 2048K [0x00000000eab00000, 0x00000000ecc00000, 0x0000000100000000)
  eden space 25600K, 8% used [0x00000000eab00000,0x00000000ead001c8,0x00000000ec400000)
  from space 4096K, 0% used [0x00000000ec800000,0x00000000ec800000,0x00000000ecc00000)
  to   space 4096K, 0% used [0x00000000ec400000,0x00000000ec400000,0x00000000ec800000)
 ParOldGen       total 68608K, used 0K [0x00000000c0000000, 0x00000000c4300000, 0x00000000eab00000)
  object space 68608K, 0% used [0x00000000c0000000,0x00000000c0000000,0x00000000c4300000)
 Metaspace       used 4147K, committed 4288K, reserved 1114112K
  class space    used 370K, committed 448K, reserved 1048576K

Card table byte_map: [0x0000023e63cf0000,0x0000023e63f00000] _byte_map_base: 0x0000023e636f0000

Marking Bits: (ParMarkBitMap*) 0x00007fff64b2d7d0
 Begin Bits: [0x0000023e75ff0000, 0x0000023e76ff0000)
 End Bits:   [0x0000023e76ff0000, 0x0000023e77ff0000)

Polling page: 0x0000023e62270000

Metaspace:

Usage:
  Non-class:      3.69 MB used.
      Class:    370.77 KB used.
       Both:      4.05 MB used.

Virtual space:
  Non-class space:       64.00 MB reserved,       3.75 MB (  6%) committed,  1 nodes.
      Class space:        1.00 GB reserved,     448.00 KB ( <1%) committed,  1 nodes.
             Both:        1.06 GB reserved,       4.19 MB ( <1%) committed. 

Chunk freelists:
   Non-Class:  12.00 MB
       Class:  15.62 MB
        Both:  27.62 MB

MaxMetaspaceSize: unlimited
CompressedClassSpaceSize: 1.00 GB
Initial GC threshold: 21.00 MB
Current GC threshold: 21.00 MB
CDS: off
MetaspaceReclaimPolicy: balanced
 - commit_granule_bytes: 65536.
 - commit_granule_words: 8192.
 - virtual_space_node_default_size: 8388608.
 - enlarge_chunks_in_place: 1.
 - new_chunks_are_fully_committed: 0.
 - uncommit_free_chunks: 1.
 - use_allocation_guard: 0.
 - handle_deallocations: 1.


Internal statistics:

num_allocs_failed_limit: 0.
num_arena_births: 4.
num_arena_deaths: 0.
num_vsnodes_births: 2.
num_vsnodes_deaths: 0.
num_space_committed: 67.
num_space_uncommitted: 0.
num_chunks_returned_to_freelist: 0.
num_chunks_taken_from_freelist: 6.
num_chunk_merges: 0.
num_chunk_splits: 3.
num_chunks_enlarged: 1.
num_inconsistent_stats: 0.

CodeHeap 'non-profiled nmethods': size=120000Kb used=25Kb max_used=25Kb free=119974Kb
 bounds [0x0000023e6eac0000, 0x0000023e6ed30000, 0x0000023e75ff0000]
CodeHeap 'profiled nmethods': size=120000Kb used=72Kb max_used=72Kb free=119927Kb
 bounds [0x0000023e66ff0000, 0x0000023e67260000, 0x0000023e6e520000]
CodeHeap 'non-nmethods': size=5760Kb used=1066Kb max_used=1066Kb free=4693Kb
 bounds [0x0000023e6e520000, 0x0000023e6e790000, 0x0000023e6eac0000]
 total_blobs=409 nmethods=73 adapters=251
 compilation: enabled
              stopped_count=0, restarted_count=0
 full_count=0

Compilation events (20 events):
Event: 0.699 Thread 0x0000023e7d36ab40   60   !   3       java.lang.ref.ReferenceQueue::poll (28 bytes)
Event: 0.699 Thread 0x0000023e7d36ab40 nmethod 60 0x0000023e66ffd990 code [0x0000023e66ffdb40, 0x0000023e66ffddc8]
Event: 0.714 Thread 0x0000023e7d36ab40   61       3       java.lang.invoke.MethodType::hashCode (53 bytes)
Event: 0.714 Thread 0x0000023e7d36ab40 nmethod 61 0x0000023e66ffdf10 code [0x0000023e66ffe0c0, 0x0000023e66ffe438]
Event: 0.714 Thread 0x0000023e7d36ab40   62       1       java.lang.invoke.MemberName::getDeclaringClass (5 bytes)
Event: 0.714 Thread 0x0000023e7d36ab40 nmethod 62 0x0000023e6eac5810 code [0x0000023e6eac59a0, 0x0000023e6eac5a78]
Event: 0.714 Thread 0x0000023e7d36ab40   63       3       java.lang.invoke.MethodType$ConcurrentWeakInternSet::expungeStaleElements (27 bytes)
Event: 0.715 Thread 0x0000023e7d36ab40 nmethod 63 0x0000023e66ffe610 code [0x0000023e66ffe800, 0x0000023e66ffecf8]
Event: 0.715 Thread 0x0000023e7d36ab40   66       3       java.util.concurrent.ConcurrentHashMap::get (162 bytes)
Event: 0.715 Thread 0x0000023e7d36ab40 nmethod 66 0x0000023e66ffef10 code [0x0000023e66fff160, 0x0000023e66fffc28]
Event: 0.715 Thread 0x0000023e7d36ab40   65       3       java.lang.Math::min (11 bytes)
Event: 0.716 Thread 0x0000023e7d36ab40 nmethod 65 0x0000023e66ffff10 code [0x0000023e670000a0, 0x0000023e670001d8]
Event: 0.716 Thread 0x0000023e7d36ab40   68       3       java.lang.StringLatin1::indexOfChar (33 bytes)
Event: 0.716 Thread 0x0000023e7d36ab40 nmethod 68 0x0000023e67000290 code [0x0000023e67000440, 0x0000023e67000678]
Event: 0.716 Thread 0x0000023e7d36ab40   69       3       jdk.internal.org.objectweb.asm.ByteVector::putUTF8 (144 bytes)
Event: 0.717 Thread 0x0000023e7d36ab40 nmethod 69 0x0000023e67000790 code [0x0000023e67000a00, 0x0000023e67001508]
Event: 0.717 Thread 0x0000023e7d36ab40   72       3       jdk.internal.org.objectweb.asm.SymbolTable::get (13 bytes)
Event: 0.718 Thread 0x0000023e7d36ab40 nmethod 72 0x0000023e67001a10 code [0x0000023e67001ba0, 0x0000023e67001cf8]
Event: 0.718 Thread 0x0000023e7d36ab40   73       3       jdk.internal.org.objectweb.asm.ByteVector::putShort (52 bytes)
Event: 0.718 Thread 0x0000023e7d36ab40 nmethod 73 0x0000023e67001e10 code [0x0000023e67001fc0, 0x0000023e670021c8]

GC Heap History (0 events):
No events

Dll operation events (1 events):
Event: 0.050 Loaded shared library c:\Users\117ta\.vscode\extensions\redhat.java-1.30.0-win32-x64\jre\17.0.10-win32-x86_64\bin\java.dll

Deoptimization events (0 events):
No events

Classes unloaded (0 events):
No events

Classes redefined (0 events):
No events

Internal exceptions (0 events):
No events

VM Operations (0 events):
No events

Events (20 events):
Event: 0.712 loading class java/util/RegularEnumSet done
Event: 0.712 loading class java/util/Collections$UnmodifiableSet
Event: 0.712 loading class java/util/Collections$UnmodifiableCollection
Event: 0.713 loading class java/util/Collections$UnmodifiableCollection done
Event: 0.713 loading class java/util/Collections$UnmodifiableSet done
Event: 0.713 loading class java/util/stream/Collectors$CollectorImpl
Event: 0.713 loading class java/util/stream/Collector
Event: 0.713 loading class java/util/stream/Collector done
Event: 0.713 loading class java/util/stream/Collectors$CollectorImpl done
Event: 0.715 loading class java/util/function/BiConsumer
Event: 0.715 loading class java/util/function/BiConsumer done
Event: 0.715 loading class java/lang/invoke/DirectMethodHandle$Interface
Event: 0.715 loading class java/lang/invoke/DirectMethodHandle$Interface done
Event: 0.716 loading class java/util/function/BinaryOperator
Event: 0.716 loading class java/util/function/BiFunction
Event: 0.716 loading class java/util/function/BiFunction done
Event: 0.716 loading class java/util/function/BinaryOperator done
Event: 0.717 loading class java/util/stream/ReduceOps
Event: 0.718 loading class java/util/stream/ReduceOps done
Event: 0.718 loading class java/util/stream/ReduceOps$3


Dynamic libraries:
0x00007ff6a29e0000 - 0x00007ff6a29ee000 	c:\Users\117ta\.vscode\extensions\redhat.java-1.30.0-win32-x64\jre\17.0.10-win32-x86_64\bin\java.exe
0x00007fffb7770000 - 0x00007fffb7986000 	C:\WINDOWS\SYSTEM32\ntdll.dll
0x00007fffb6af0000 - 0x00007fffb6bb4000 	C:\WINDOWS\System32\KERNEL32.DLL
0x00007fffb4b30000 - 0x00007fffb4ed7000 	C:\WINDOWS\System32\KERNELBASE.dll
0x00007fffb5210000 - 0x00007fffb5321000 	C:\WINDOWS\System32\ucrtbase.dll
0x00007fffae160000 - 0x00007fffae177000 	c:\Users\117ta\.vscode\extensions\redhat.java-1.30.0-win32-x64\jre\17.0.10-win32-x86_64\bin\jli.dll
0x00007fffb54a0000 - 0x00007fffb564e000 	C:\WINDOWS\System32\USER32.dll
0x00007fffb5330000 - 0x00007fffb5356000 	C:\WINDOWS\System32\win32u.dll
0x00007fffb6f90000 - 0x00007fffb6fb9000 	C:\WINDOWS\System32\GDI32.dll
0x00007fffb50f0000 - 0x00007fffb5209000 	C:\WINDOWS\System32\gdi32full.dll
0x00007fffb5050000 - 0x00007fffb50ea000 	C:\WINDOWS\System32\msvcp_win.dll
0x00007fffad070000 - 0x00007fffad08b000 	c:\Users\117ta\.vscode\extensions\redhat.java-1.30.0-win32-x64\jre\17.0.10-win32-x86_64\bin\VCRUNTIME140.dll
0x00007fff9b0f0000 - 0x00007fff9b383000 	C:\WINDOWS\WinSxS\amd64_microsoft.windows.common-controls_6595b64144ccf1df_6.0.22621.3235_none_270f74e173860f98\COMCTL32.dll
0x00007fffb61f0000 - 0x00007fffb6297000 	C:\WINDOWS\System32\msvcrt.dll
0x00007fffb7470000 - 0x00007fffb74a1000 	C:\WINDOWS\System32\IMM32.DLL
0x00007fffb19f0000 - 0x00007fffb19fc000 	c:\Users\117ta\.vscode\extensions\redhat.java-1.30.0-win32-x64\jre\17.0.10-win32-x86_64\bin\vcruntime140_1.dll
0x00007fff79cd0000 - 0x00007fff79d5d000 	c:\Users\117ta\.vscode\extensions\redhat.java-1.30.0-win32-x64\jre\17.0.10-win32-x86_64\bin\msvcp140.dll
0x00007fff63f90000 - 0x00007fff64bf2000 	c:\Users\117ta\.vscode\extensions\redhat.java-1.30.0-win32-x64\jre\17.0.10-win32-x86_64\bin\server\jvm.dll
0x00007fffb69d0000 - 0x00007fffb6a82000 	C:\WINDOWS\System32\ADVAPI32.dll
0x00007fffb56a0000 - 0x00007fffb5748000 	C:\WINDOWS\System32\sechost.dll
0x00007fffb4b00000 - 0x00007fffb4b28000 	C:\WINDOWS\System32\bcrypt.dll
0x00007fffb6cc0000 - 0x00007fffb6dd5000 	C:\WINDOWS\System32\RPCRT4.dll
0x00007fffb4960000 - 0x00007fffb49ad000 	C:\WINDOWS\SYSTEM32\POWRPROF.dll
0x00007fffae080000 - 0x00007fffae089000 	C:\WINDOWS\SYSTEM32\WSOCK32.dll
0x00007fffb6170000 - 0x00007fffb61e1000 	C:\WINDOWS\System32\WS2_32.dll
0x00007fffad020000 - 0x00007fffad054000 	C:\WINDOWS\SYSTEM32\WINMM.dll
0x00007fffacf60000 - 0x00007fffacf6a000 	C:\WINDOWS\SYSTEM32\VERSION.dll
0x00007fffb4940000 - 0x00007fffb4953000 	C:\WINDOWS\SYSTEM32\UMPDC.dll
0x00007fffb3ad0000 - 0x00007fffb3ae8000 	C:\WINDOWS\SYSTEM32\kernel.appcore.dll
0x00007fffae150000 - 0x00007fffae15a000 	c:\Users\117ta\.vscode\extensions\redhat.java-1.30.0-win32-x64\jre\17.0.10-win32-x86_64\bin\jimage.dll
0x00007fffb24c0000 - 0x00007fffb26f3000 	C:\WINDOWS\SYSTEM32\DBGHELP.DLL
0x00007fffb70e0000 - 0x00007fffb7468000 	C:\WINDOWS\System32\combase.dll
0x00007fffb6bc0000 - 0x00007fffb6c97000 	C:\WINDOWS\System32\OLEAUT32.dll
0x00007fff92c80000 - 0x00007fff92cb2000 	C:\WINDOWS\SYSTEM32\dbgcore.DLL
0x00007fffb5360000 - 0x00007fffb53d9000 	C:\WINDOWS\System32\bcryptPrimitives.dll
0x00007fffad060000 - 0x00007fffad06e000 	c:\Users\117ta\.vscode\extensions\redhat.java-1.30.0-win32-x64\jre\17.0.10-win32-x86_64\bin\instrument.dll
0x00007fff95370000 - 0x00007fff95395000 	c:\Users\117ta\.vscode\extensions\redhat.java-1.30.0-win32-x64\jre\17.0.10-win32-x86_64\bin\java.dll
0x00007fffabd80000 - 0x00007fffabd98000 	c:\Users\117ta\.vscode\extensions\redhat.java-1.30.0-win32-x64\jre\17.0.10-win32-x86_64\bin\zip.dll
0x00007fffb5750000 - 0x00007fffb5fac000 	C:\WINDOWS\System32\SHELL32.dll
0x00007fffb29f0000 - 0x00007fffb32e9000 	C:\WINDOWS\SYSTEM32\windows.storage.dll
0x00007fffb28b0000 - 0x00007fffb29ee000 	C:\WINDOWS\SYSTEM32\wintypes.dll
0x00007fffb6fc0000 - 0x00007fffb70b3000 	C:\WINDOWS\System32\SHCORE.dll
0x00007fffb6320000 - 0x00007fffb637e000 	C:\WINDOWS\System32\shlwapi.dll
0x00007fffb49c0000 - 0x00007fffb49e1000 	C:\WINDOWS\SYSTEM32\profapi.dll

dbghelp: loaded successfully - version: 4.0.5 - missing functions: none
symbol engine: initialized successfully - sym options: 0x614 - pdb path: .;c:\Users\117ta\.vscode\extensions\redhat.java-1.30.0-win32-x64\jre\17.0.10-win32-x86_64\bin;C:\WINDOWS\SYSTEM32;C:\WINDOWS\WinSxS\amd64_microsoft.windows.common-controls_6595b64144ccf1df_6.0.22621.3235_none_270f74e173860f98;c:\Users\117ta\.vscode\extensions\redhat.java-1.30.0-win32-x64\jre\17.0.10-win32-x86_64\bin\server

VM Arguments:
jvm_args: --add-modules=ALL-SYSTEM --add-opens=java.base/java.util=ALL-UNNAMED --add-opens=java.base/java.lang=ALL-UNNAMED --add-opens=java.base/sun.nio.fs=ALL-UNNAMED -Declipse.application=org.eclipse.jdt.ls.core.id1 -Dosgi.bundles.defaultStartLevel=4 -Declipse.product=org.eclipse.jdt.ls.core.product -Djava.import.generatesMetadataFilesAtProjectRoot=false -DDetectVMInstallationsJob.disabled=true -Dfile.encoding=utf8 -XX:+UseParallelGC -XX:GCTimeRatio=4 -XX:AdaptiveSizePolicyWeight=90 -Dsun.zip.disableMemoryMapping=true -Xmx1G -Xms100m -Xlog:disable -javaagent:c:\Users\117ta\.vscode\extensions\redhat.java-1.30.0-win32-x64\lombok\lombok-1.18.32.jar -XX:+HeapDumpOnOutOfMemoryError -XX:HeapDumpPath=c:\Users\117ta\AppData\Roaming\Code\User\workspaceStorage\30f2783324b165ecb2129fcb0834cad4\redhat.java -Daether.dependencyCollector.impl=bf 
java_command: c:\Users\117ta\.vscode\extensions\redhat.java-1.30.0-win32-x64\server\plugins\org.eclipse.equinox.launcher_1.6.800.v20240330-1250.jar -configuration c:\Users\117ta\AppData\Roaming\Code\User\globalStorage\redhat.java\1.30.0\config_win -data c:\Users\117ta\AppData\Roaming\Code\User\workspaceStorage\30f2783324b165ecb2129fcb0834cad4\redhat.java\jdt_ws --pipe=\\.\pipe\lsp-cbde816c3616a25eee0ffaa4704307f8-sock
java_class_path (initial): c:\Users\117ta\.vscode\extensions\redhat.java-1.30.0-win32-x64\server\plugins\org.eclipse.equinox.launcher_1.6.800.v20240330-1250.jar
Launcher Type: SUN_STANDARD

[Global flags]
    uintx AdaptiveSizePolicyWeight                 = 90                                        {product} {command line}
     intx CICompilerCount                          = 3                                         {product} {ergonomic}
    uintx GCTimeRatio                              = 4                                         {product} {command line}
     bool HeapDumpOnOutOfMemoryError               = true                                   {manageable} {command line}
    ccstr HeapDumpPath                             = c:\Users\117ta\AppData\Roaming\Code\User\workspaceStorage\30f2783324b165ecb2129fcb0834cad4\redhat.java         {manageable} {command line}
   size_t InitialHeapSize                          = 104857600                                 {product} {command line}
   size_t MaxHeapSize                              = 1073741824                                {product} {command line}
   size_t MaxNewSize                               = 357564416                                 {product} {ergonomic}
   size_t MinHeapDeltaBytes                        = 524288                                    {product} {ergonomic}
   size_t MinHeapSize                              = 104857600                                 {product} {command line}
   size_t NewSize                                  = 34603008                                  {product} {ergonomic}
    uintx NonNMethodCodeHeapSize                   = 5832780                                {pd product} {ergonomic}
    uintx NonProfiledCodeHeapSize                  = 122912730                              {pd product} {ergonomic}
   size_t OldSize                                  = 70254592                                  {product} {ergonomic}
    uintx ProfiledCodeHeapSize                     = 122912730                              {pd product} {ergonomic}
    uintx ReservedCodeCacheSize                    = 251658240                              {pd product} {ergonomic}
     bool SegmentedCodeCache                       = true                                      {product} {ergonomic}
   size_t SoftMaxHeapSize                          = 1073741824                             {manageable} {ergonomic}
     bool UseCompressedClassPointers               = true                           {product lp64_product} {ergonomic}
     bool UseCompressedOops                        = true                           {product lp64_product} {ergonomic}
     bool UseLargePagesIndividualAllocation        = false                                  {pd product} {ergonomic}
     bool UseParallelGC                            = true                                      {product} {command line}

Logging:
Log output configuration:
 #0: stdout all=off uptime,level,tags
 #1: stderr all=off uptime,level,tags

Environment Variables:
JAVA_HOME=C:\Program Files\Java\jdk-18.0.2.1
PATH=C:\Users\117ta\TaskTitan\node_modules\.bin;C:\Users\117ta\TaskTitan\node_modules\.bin;C:\Users\117ta\node_modules\.bin;C:\Users\node_modules\.bin;C:\node_modules\.bin;C:\Users\117ta\AppData\Roaming\npm\node_modules\npm\node_modules\@npmcli\run-script\lib\node-gyp-bin;C:\Users\117ta\TaskTitan\node_modules\.bin;C:\Users\117ta\TaskTitan\node_modules\.bin;C:\Users\117ta\node_modules\.bin;C:\Users\node_modules\.bin;C:\node_modules\.bin;C:\Users\117ta\AppData\Roaming\npm\node_modules\npm\node_modules\@npmcli\run-script\lib\node-gyp-bin;C:\Program Files\Common Files\Oracle\Java\javapath;C:\WINDOWS\system32;C:\WINDOWS;C:\WINDOWS\System32\Wbem;C:\WINDOWS\System32\WindowsPowerShell\v1.0\;C:\WINDOWS\System32\OpenSSH\;C:\Program Files\Java\jdk-18.0.2.1\bin;C:\Program Files\nodejs\;C:\Users\117ta\AppData\Local\Android\Sdk\platform-tools;C:\Program Files\Git\cmd;C:\Users\117ta\AppData\Local\Programs\Python\Launcher\;C:\Users\117ta\anaconda3;C:\Users\117ta\anaconda3\Library\mingw-w64\bin;C:\Users\117ta\anaconda3\Library\usr\bin;C:\Users\117ta\anaconda3\Library\bin;C:\Users\117ta\anaconda3\Scripts;C:\Users\117ta\AppData\Local\Microsoft\WindowsApps;C:\Users\117ta\AppData\Roaming\npm;C:\Users\117ta\AppData\Local\Programs\Microsoft VS Code\bin
USERNAME=117ta
LANG=en_US.UTF-8
OS=Windows_NT
PROCESSOR_IDENTIFIER=AMD64 Family 23 Model 24 Stepping 1, AuthenticAMD
TMP=C:\Users\117ta\AppData\Local\Temp
TEMP=C:\Users\117ta\AppData\Local\Temp



Periodic native trim disabled


---------------  S Y S T E M  ---------------

OS:
 Windows 11 , 64 bit Build 22621 (10.0.22621.3374)
OS uptime: 0 days 4:14 hours

CPU: total 4 (initial active 4) (4 cores per cpu, 2 threads per core) family 23 model 24 stepping 1 microcode 0x0, cx8, cmov, fxsr, ht, mmx, 3dnowpref, sse, sse2, sse3, ssse3, sse4a, sse4.1, sse4.2, popcnt, lzcnt, tsc, tscinvbit, avx, avx2, aes, clmul, bmi1, bmi2, adx, sha, fma, vzeroupper, clflush, clflushopt
Processor Information for all 4 processors :
  Max Mhz: 2400, Current Mhz: 2400, Mhz Limit: 2400

Memory: 4k page, system-wide physical 3460M (80M free)
TotalPageFile size 14212M (AvailPageFile size 19M)
current process WorkingSet (physical memory assigned to process): 27M, peak: 27M
current process commit charge ("private bytes"): 170M, peak: 170M

vm_info: OpenJDK 64-Bit Server VM (17.0.10+7) for windows-amd64 JRE (17.0.10+7), built on Jan 16 2024 23:25:11 by "admin" with MS VC++ 16.10 / 16.11 (VS2019)

END.
